{"/home/travis/build/npmtest/node-npmtest-coap/test.js":{"path":"/home/travis/build/npmtest/node-npmtest-coap/test.js","s":{"1":2,"2":2,"3":2,"4":2,"5":2,"6":2,"7":2,"8":1,"9":2,"10":2,"11":1,"12":1,"13":1,"14":1,"15":2,"16":2,"17":2,"18":2,"19":1,"20":1,"21":2,"22":2,"23":2,"24":1,"25":1,"26":1,"27":1,"28":1,"29":1,"30":1,"31":1,"32":1,"33":1,"34":1,"35":1,"36":1,"37":1,"38":1,"39":2,"40":2,"41":1,"42":2,"43":2,"44":1,"45":2,"46":2,"47":1,"48":2,"49":2,"50":1,"51":1,"52":1,"53":1,"54":1},"b":{"1":[2,1,1,1],"2":[1,1,1,1],"3":[1,1],"4":[1,1],"5":[1,1],"6":[1,1],"7":[1,1],"8":[1,1],"9":[1,1],"10":[1,1,1],"11":[1,1],"12":[1,1],"13":[1,1],"14":[1,1],"15":[1,1],"16":[1,1],"17":[1,1]},"f":{"1":2,"2":2,"3":2,"4":2,"5":2,"6":1,"7":1,"8":1,"9":2,"10":2,"11":2,"12":2,"13":1},"fnMap":{"1":{"name":"(anonymous_1)","line":12,"loc":{"start":{"line":12,"column":1},"end":{"line":12,"column":13}}},"2":{"name":"(anonymous_2)","line":19,"loc":{"start":{"line":19,"column":5},"end":{"line":19,"column":17}}},"3":{"name":"(anonymous_3)","line":23,"loc":{"start":{"line":23,"column":24},"end":{"line":23,"column":36}}},"4":{"name":"(anonymous_4)","line":61,"loc":{"start":{"line":61,"column":5},"end":{"line":61,"column":17}}},"5":{"name":"(anonymous_5)","line":82,"loc":{"start":{"line":82,"column":5},"end":{"line":82,"column":17}}},"6":{"name":"(anonymous_6)","line":91,"loc":{"start":{"line":91,"column":77},"end":{"line":94,"column":10}}},"7":{"name":"(anonymous_7)","line":112,"loc":{"start":{"line":112,"column":83},"end":{"line":115,"column":10}},"skip":true},"8":{"name":"(anonymous_8)","line":123,"loc":{"start":{"line":123,"column":77},"end":{"line":126,"column":10}},"skip":true},"9":{"name":"(anonymous_9)","line":139,"loc":{"start":{"line":139,"column":12},"end":{"line":139,"column":40}},"skip":true},"10":{"name":"(anonymous_10)","line":147,"loc":{"start":{"line":147,"column":77},"end":{"line":150,"column":10}},"skip":true},"11":{"name":"(anonymous_11)","line":158,"loc":{"start":{"line":158,"column":83},"end":{"line":161,"column":10}},"skip":true},"12":{"name":"(anonymous_12)","line":169,"loc":{"start":{"line":169,"column":79},"end":{"line":172,"column":10}},"skip":true},"13":{"name":"(anonymous_13)","line":180,"loc":{"start":{"line":180,"column":75},"end":{"line":183,"column":10}},"skip":true}},"statementMap":{"1":{"start":{"line":12,"column":0},"end":{"line":195,"column":5}},"2":{"start":{"line":14,"column":4},"end":{"line":14,"column":14}},"3":{"start":{"line":19,"column":4},"end":{"line":56,"column":9}},"4":{"start":{"line":21,"column":8},"end":{"line":21,"column":19}},"5":{"start":{"line":23,"column":8},"end":{"line":35,"column":13}},"6":{"start":{"line":24,"column":12},"end":{"line":34,"column":13}},"7":{"start":{"line":25,"column":16},"end":{"line":28,"column":30}},"8":{"start":{"line":30,"column":16},"end":{"line":33,"column":27}},"9":{"start":{"line":37,"column":8},"end":{"line":39,"column":21}},"10":{"start":{"line":40,"column":8},"end":{"line":53,"column":9}},"11":{"start":{"line":43,"column":12},"end":{"line":46,"column":14}},"12":{"start":{"line":47,"column":12},"end":{"line":47,"column":18}},"13":{"start":{"line":50,"column":12},"end":{"line":51,"column":46}},"14":{"start":{"line":52,"column":12},"end":{"line":52,"column":18}},"15":{"start":{"line":55,"column":8},"end":{"line":55,"column":35}},"16":{"start":{"line":61,"column":4},"end":{"line":63,"column":9}},"17":{"start":{"line":62,"column":8},"end":{"line":62,"column":15}},"18":{"start":{"line":64,"column":4},"end":{"line":77,"column":5}},"19":{"start":{"line":70,"column":8},"end":{"line":70,"column":14}},"20":{"start":{"line":76,"column":8},"end":{"line":76,"column":14}},"21":{"start":{"line":82,"column":4},"end":{"line":84,"column":9}},"22":{"start":{"line":83,"column":8},"end":{"line":83,"column":15}},"23":{"start":{"line":85,"column":4},"end":{"line":194,"column":5}},"24":{"start":{"line":91,"column":8},"end":{"line":99,"column":10}},"25":{"start":{"line":98,"column":12},"end":{"line":98,"column":35}},"26":{"start":{"line":102,"column":8},"end":{"line":104,"column":63}},"27":{"start":{"line":105,"column":8},"end":{"line":105,"column":14}},"28":{"start":{"line":112,"column":8},"end":{"line":121,"column":10},"skip":true},"29":{"start":{"line":119,"column":12},"end":{"line":119,"column":55},"skip":true},"30":{"start":{"line":120,"column":12},"end":{"line":120,"column":48},"skip":true},"31":{"start":{"line":123,"column":8},"end":{"line":136,"column":10},"skip":true},"32":{"start":{"line":130,"column":12},"end":{"line":130,"column":76},"skip":true},"33":{"start":{"line":131,"column":12},"end":{"line":131,"column":73},"skip":true},"34":{"start":{"line":132,"column":12},"end":{"line":132,"column":74},"skip":true},"35":{"start":{"line":133,"column":12},"end":{"line":133,"column":79},"skip":true},"36":{"start":{"line":134,"column":12},"end":{"line":134,"column":25},"skip":true},"37":{"start":{"line":135,"column":12},"end":{"line":135,"column":45},"skip":true},"38":{"start":{"line":138,"column":8},"end":{"line":145,"column":14},"skip":true},"39":{"start":{"line":143,"column":16},"end":{"line":143,"column":29},"skip":true},"40":{"start":{"line":144,"column":16},"end":{"line":144,"column":55},"skip":true},"41":{"start":{"line":147,"column":8},"end":{"line":156,"column":10},"skip":true},"42":{"start":{"line":154,"column":12},"end":{"line":154,"column":25},"skip":true},"43":{"start":{"line":155,"column":12},"end":{"line":155,"column":45},"skip":true},"44":{"start":{"line":158,"column":8},"end":{"line":167,"column":10},"skip":true},"45":{"start":{"line":165,"column":12},"end":{"line":165,"column":25},"skip":true},"46":{"start":{"line":166,"column":12},"end":{"line":166,"column":48},"skip":true},"47":{"start":{"line":169,"column":8},"end":{"line":178,"column":10},"skip":true},"48":{"start":{"line":176,"column":12},"end":{"line":176,"column":25},"skip":true},"49":{"start":{"line":177,"column":12},"end":{"line":177,"column":46},"skip":true},"50":{"start":{"line":180,"column":8},"end":{"line":189,"column":10},"skip":true},"51":{"start":{"line":187,"column":12},"end":{"line":187,"column":94},"skip":true},"52":{"start":{"line":188,"column":12},"end":{"line":188,"column":48},"skip":true},"53":{"start":{"line":192,"column":8},"end":{"line":192,"column":35},"skip":true},"54":{"start":{"line":193,"column":8},"end":{"line":193,"column":14},"skip":true}},"branchMap":{"1":{"line":25,"type":"binary-expr","locations":[{"start":{"line":25,"column":23},"end":{"line":25,"column":62}},{"start":{"line":26,"column":20},"end":{"line":26,"column":70}},{"start":{"line":27,"column":20},"end":{"line":27,"column":71}},{"start":{"line":28,"column":20},"end":{"line":28,"column":29}}]},"2":{"line":30,"type":"binary-expr","locations":[{"start":{"line":30,"column":23},"end":{"line":30,"column":37}},{"start":{"line":31,"column":20},"end":{"line":31,"column":61}},{"start":{"line":32,"column":20},"end":{"line":32,"column":70}},{"start":{"line":33,"column":20},"end":{"line":33,"column":26}}]},"3":{"line":37,"type":"cond-expr","locations":[{"start":{"line":38,"column":14},"end":{"line":38,"column":20}},{"start":{"line":39,"column":14},"end":{"line":39,"column":20}}]},"4":{"line":40,"type":"switch","locations":[{"start":{"line":42,"column":8},"end":{"line":47,"column":18}},{"start":{"line":49,"column":8},"end":{"line":52,"column":18}}]},"5":{"line":44,"type":"binary-expr","locations":[{"start":{"line":44,"column":16},"end":{"line":44,"column":44}},{"start":{"line":44,"column":48},"end":{"line":44,"column":66}}]},"6":{"line":50,"type":"binary-expr","locations":[{"start":{"line":50,"column":21},"end":{"line":50,"column":49}},{"start":{"line":50,"column":53},"end":{"line":50,"column":72}}]},"7":{"line":64,"type":"switch","locations":[{"start":{"line":69,"column":4},"end":{"line":70,"column":14}},{"start":{"line":75,"column":4},"end":{"line":76,"column":14}}]},"8":{"line":85,"type":"switch","locations":[{"start":{"line":90,"column":4},"end":{"line":105,"column":14}},{"start":{"line":111,"column":4},"end":{"line":193,"column":14},"skip":true}]},"9":{"line":91,"type":"binary-expr","locations":[{"start":{"line":91,"column":42},"end":{"line":91,"column":73}},{"start":{"line":91,"column":77},"end":{"line":99,"column":9}}]},"10":{"line":102,"type":"binary-expr","locations":[{"start":{"line":102,"column":18},"end":{"line":102,"column":32}},{"start":{"line":103,"column":12},"end":{"line":103,"column":53}},{"start":{"line":104,"column":12},"end":{"line":104,"column":61}}]},"11":{"line":112,"type":"binary-expr","locations":[{"start":{"line":112,"column":45},"end":{"line":112,"column":79},"skip":true},{"start":{"line":112,"column":83},"end":{"line":121,"column":9},"skip":true}]},"12":{"line":123,"type":"binary-expr","locations":[{"start":{"line":123,"column":42},"end":{"line":123,"column":73},"skip":true},{"start":{"line":123,"column":77},"end":{"line":136,"column":9},"skip":true}]},"13":{"line":138,"type":"binary-expr","locations":[{"start":{"line":138,"column":48},"end":{"line":138,"column":85},"skip":true},{"start":{"line":139,"column":12},"end":{"line":145,"column":13},"skip":true}]},"14":{"line":147,"type":"binary-expr","locations":[{"start":{"line":147,"column":42},"end":{"line":147,"column":73},"skip":true},{"start":{"line":147,"column":77},"end":{"line":156,"column":9},"skip":true}]},"15":{"line":158,"type":"binary-expr","locations":[{"start":{"line":158,"column":45},"end":{"line":158,"column":79},"skip":true},{"start":{"line":158,"column":83},"end":{"line":167,"column":9},"skip":true}]},"16":{"line":169,"type":"binary-expr","locations":[{"start":{"line":169,"column":43},"end":{"line":169,"column":75},"skip":true},{"start":{"line":169,"column":79},"end":{"line":178,"column":9},"skip":true}]},"17":{"line":180,"type":"binary-expr","locations":[{"start":{"line":180,"column":41},"end":{"line":180,"column":71},"skip":true},{"start":{"line":180,"column":75},"end":{"line":189,"column":9},"skip":true}]}},"code":["/* istanbul instrument in package npmtest_coap */","/*jslint","    bitwise: true,","    browser: true,","    maxerr: 8,","    maxlen: 96,","    node: true,","    nomen: true,","    regexp: true,","    stupid: true","*/","(function () {","    'use strict';","    var local;","","","","    // run shared js-env code - pre-init","    (function () {","        // init local","        local = {};","        // init modeJs","        local.modeJs = (function () {","            try {","                return typeof navigator.userAgent === 'string' &&","                    typeof document.querySelector('body') === 'object' &&","                    typeof XMLHttpRequest.prototype.open === 'function' &&","                    'browser';","            } catch (errorCaughtBrowser) {","                return module.exports &&","                    typeof process.versions.node === 'string' &&","                    typeof require('http').createServer === 'function' &&","                    'node';","            }","        }());","        // init global","        local.global = local.modeJs === 'browser'","            ? window","            : global;","        switch (local.modeJs) {","        // re-init local from window.local","        case 'browser':","            local = local.global.utility2.objectSetDefault(","                local.global.utility2_rollup || local.global.local,","                local.global.utility2","            );","            break;","        // re-init local from example.js","        case 'node':","            local = (local.global.utility2_rollup || require('utility2'))","                .requireExampleJsFromReadme();","            break;","        }","        // export local","        local.global.local = local;","    }());","","","","    // run shared js-env code - function","    (function () {","        return;","    }());","    switch (local.modeJs) {","","","","    // run browser js-env code - function","    case 'browser':","        break;","","","","    // run node js-env code - function","    case 'node':","        break;","    }","","","","    // run shared js-env code - post-init","    (function () {","        return;","    }());","    switch (local.modeJs) {","","","","    // run browser js-env code - post-init","    case 'browser':","        local.testCase_browser_nullCase = local.testCase_browser_nullCase || function (","            options,","            onError","        ) {","        /*","         * this function will test browsers's null-case handling-behavior-behavior","         */","            onError(null, options);","        };","","        // run tests","        local.nop(local.modeTest &&","            document.querySelector('#testRunButton1') &&","            document.querySelector('#testRunButton1').click());","        break;","","","","    // run node js-env code - post-init","    /* istanbul ignore next */","    case 'node':","        local.testCase_buildApidoc_default = local.testCase_buildApidoc_default || function (","            options,","            onError","        ) {","        /*","         * this function will test buildApidoc's default handling-behavior-behavior","         */","            options = { modulePathList: module.paths };","            local.buildApidoc(options, onError);","        };","","        local.testCase_buildApp_default = local.testCase_buildApp_default || function (","            options,","            onError","        ) {","        /*","         * this function will test buildApp's default handling-behavior-behavior","         */","            local.testCase_buildReadme_default(options, local.onErrorThrow);","            local.testCase_buildLib_default(options, local.onErrorThrow);","            local.testCase_buildTest_default(options, local.onErrorThrow);","            local.testCase_buildCustomOrg_default(options, local.onErrorThrow);","            options = [];","            local.buildApp(options, onError);","        };","","        local.testCase_buildCustomOrg_default = local.testCase_buildCustomOrg_default ||","            function (options, onError) {","            /*","             * this function will test buildCustomOrg's default handling-behavior","             */","                options = {};","                local.buildCustomOrg(options, onError);","            };","","        local.testCase_buildLib_default = local.testCase_buildLib_default || function (","            options,","            onError","        ) {","        /*","         * this function will test buildLib's default handling-behavior","         */","            options = {};","            local.buildLib(options, onError);","        };","","        local.testCase_buildReadme_default = local.testCase_buildReadme_default || function (","            options,","            onError","        ) {","        /*","         * this function will test buildReadme's default handling-behavior-behavior","         */","            options = {};","            local.buildReadme(options, onError);","        };","","        local.testCase_buildTest_default = local.testCase_buildTest_default || function (","            options,","            onError","        ) {","        /*","         * this function will test buildTest's default handling-behavior","         */","            options = {};","            local.buildTest(options, onError);","        };","","        local.testCase_webpage_default = local.testCase_webpage_default || function (","            options,","            onError","        ) {","        /*","         * this function will test webpage's default handling-behavior","         */","            options = { modeCoverageMerge: true, url: local.serverLocalHost + '?modeTest=1' };","            local.browserTest(options, onError);","        };","","        // run test-server","        local.testRunServer(local);","        break;","    }","}());",""],"l":{"12":2,"14":2,"19":2,"21":2,"23":2,"24":2,"25":2,"30":1,"37":2,"40":2,"43":1,"47":1,"50":1,"52":1,"55":2,"61":2,"62":2,"64":2,"70":1,"76":1,"82":2,"83":2,"85":2,"91":1,"98":1,"102":1,"105":1,"112":1,"119":1,"120":1,"123":1,"130":1,"131":1,"132":1,"133":1,"134":1,"135":1,"138":1,"143":2,"144":2,"147":1,"154":2,"155":2,"158":1,"165":2,"166":2,"169":1,"176":2,"177":2,"180":1,"187":1,"188":1,"192":1,"193":1}},"/home/travis/build/npmtest/node-npmtest-coap/lib.npmtest_coap.js":{"path":"/home/travis/build/npmtest/node-npmtest-coap/lib.npmtest_coap.js","s":{"1":2,"2":2,"3":2,"4":2,"5":2,"6":2,"7":2,"8":1,"9":2,"10":2,"11":2,"12":2,"13":1,"14":1,"15":1,"16":1},"b":{"1":[2,1,1,1],"2":[1,1,1,1],"3":[1,1],"4":[2,2],"5":[1,1]},"f":{"1":2,"2":2,"3":2},"fnMap":{"1":{"name":"(anonymous_1)","line":12,"loc":{"start":{"line":12,"column":1},"end":{"line":12,"column":13}}},"2":{"name":"(anonymous_2)","line":19,"loc":{"start":{"line":19,"column":5},"end":{"line":19,"column":17}}},"3":{"name":"(anonymous_3)","line":23,"loc":{"start":{"line":23,"column":24},"end":{"line":23,"column":36}}}},"statementMap":{"1":{"start":{"line":12,"column":0},"end":{"line":53,"column":5}},"2":{"start":{"line":14,"column":4},"end":{"line":14,"column":14}},"3":{"start":{"line":19,"column":4},"end":{"line":52,"column":9}},"4":{"start":{"line":21,"column":8},"end":{"line":21,"column":19}},"5":{"start":{"line":23,"column":8},"end":{"line":35,"column":13}},"6":{"start":{"line":24,"column":12},"end":{"line":34,"column":13}},"7":{"start":{"line":25,"column":16},"end":{"line":28,"column":30}},"8":{"start":{"line":30,"column":16},"end":{"line":33,"column":27}},"9":{"start":{"line":37,"column":8},"end":{"line":39,"column":21}},"10":{"start":{"line":41,"column":8},"end":{"line":41,"column":54}},"11":{"start":{"line":43,"column":8},"end":{"line":43,"column":49}},"12":{"start":{"line":45,"column":8},"end":{"line":51,"column":9}},"13":{"start":{"line":46,"column":12},"end":{"line":46,"column":55}},"14":{"start":{"line":48,"column":12},"end":{"line":48,"column":35}},"15":{"start":{"line":49,"column":12},"end":{"line":49,"column":49}},"16":{"start":{"line":50,"column":12},"end":{"line":50,"column":43}}},"branchMap":{"1":{"line":25,"type":"binary-expr","locations":[{"start":{"line":25,"column":23},"end":{"line":25,"column":62}},{"start":{"line":26,"column":20},"end":{"line":26,"column":70}},{"start":{"line":27,"column":20},"end":{"line":27,"column":71}},{"start":{"line":28,"column":20},"end":{"line":28,"column":29}}]},"2":{"line":30,"type":"binary-expr","locations":[{"start":{"line":30,"column":23},"end":{"line":30,"column":37}},{"start":{"line":31,"column":20},"end":{"line":31,"column":61}},{"start":{"line":32,"column":20},"end":{"line":32,"column":70}},{"start":{"line":33,"column":20},"end":{"line":33,"column":26}}]},"3":{"line":37,"type":"cond-expr","locations":[{"start":{"line":38,"column":14},"end":{"line":38,"column":20}},{"start":{"line":39,"column":14},"end":{"line":39,"column":20}}]},"4":{"line":41,"type":"binary-expr","locations":[{"start":{"line":41,"column":16},"end":{"line":41,"column":44}},{"start":{"line":41,"column":48},"end":{"line":41,"column":53}}]},"5":{"line":45,"type":"if","locations":[{"start":{"line":45,"column":8},"end":{"line":45,"column":8}},{"start":{"line":45,"column":8},"end":{"line":45,"column":8}}]}},"code":["/* istanbul instrument in package npmtest_coap */","/*jslint","    bitwise: true,","    browser: true,","    maxerr: 8,","    maxlen: 96,","    node: true,","    nomen: true,","    regexp: true,","    stupid: true","*/","(function () {","    'use strict';","    var local;","","","","    // run shared js-env code - pre-init","    (function () {","        // init local","        local = {};","        // init modeJs","        local.modeJs = (function () {","            try {","                return typeof navigator.userAgent === 'string' &&","                    typeof document.querySelector('body') === 'object' &&","                    typeof XMLHttpRequest.prototype.open === 'function' &&","                    'browser';","            } catch (errorCaughtBrowser) {","                return module.exports &&","                    typeof process.versions.node === 'string' &&","                    typeof require('http').createServer === 'function' &&","                    'node';","            }","        }());","        // init global","        local.global = local.modeJs === 'browser'","            ? window","            : global;","        // init utility2_rollup","        local = local.global.utility2_rollup || local;","        // init lib","        local.local = local.npmtest_coap = local;","        // init exports","        if (local.modeJs === 'browser') {","            local.global.utility2_npmtest_coap = local;","        } else {","            module.exports = local;","            module.exports.__dirname = __dirname;","            module.exports.module = module;","        }","    }());","}());",""],"l":{"12":2,"14":2,"19":2,"21":2,"23":2,"24":2,"25":2,"30":1,"37":2,"41":2,"43":2,"45":2,"46":1,"48":1,"49":1,"50":1}},"/home/travis/build/npmtest/node-npmtest-coap/example.js":{"path":"/home/travis/build/npmtest/node-npmtest-coap/example.js","s":{"1":2,"2":2,"3":2,"4":2,"5":2,"6":2,"7":2,"8":1,"9":2,"10":2,"11":2,"12":2,"13":1,"14":2,"15":2,"16":2,"17":2,"18":2,"19":0,"20":2,"21":1,"22":1,"23":1,"24":1,"25":1,"26":0,"27":0,"28":1,"29":1,"30":2,"31":0,"32":0,"33":0,"34":1,"35":2,"36":2,"37":3,"38":3,"39":3,"40":3,"41":0,"42":3,"43":3,"44":3,"45":1,"46":3,"47":1,"48":1,"49":1,"50":1,"51":1,"52":1,"53":1,"54":1,"55":1,"56":1,"57":0,"58":1,"59":6,"60":6,"61":1,"62":2,"63":0,"64":2,"65":1,"66":1,"67":0,"68":0,"69":0,"70":0,"71":0,"72":0,"73":0,"74":0,"75":0,"76":0,"77":0,"78":0,"79":0,"80":0,"81":0,"82":0,"83":0},"b":{"1":[2,1,1,1],"2":[1,1,1,1],"3":[1,1],"4":[2,2],"5":[1,1],"6":[1,1],"7":[2,0],"8":[2,1,1,1,1,1],"9":[0,2,0],"10":[1,1],"11":[2,1,1],"12":[1,0],"13":[0,2],"14":[2,0,0,0,0,0,0],"15":[0,3],"16":[3,0],"17":[1,1],"18":[0,1],"19":[1,2,0,2],"20":[1,0],"21":[1,1],"22":[0,0],"23":[0,0],"24":[0,0],"25":[0,0],"26":[0,0],"27":[0,0],"28":[0,0]},"f":{"1":2,"2":2,"3":2,"4":2,"5":2,"6":2,"7":3,"8":3,"9":3,"10":1,"11":6,"12":0},"fnMap":{"1":{"name":"(anonymous_1)","line":26,"loc":{"start":{"line":26,"column":1},"end":{"line":26,"column":13}}},"2":{"name":"(anonymous_2)","line":33,"loc":{"start":{"line":33,"column":5},"end":{"line":33,"column":17}}},"3":{"name":"(anonymous_3)","line":37,"loc":{"start":{"line":37,"column":24},"end":{"line":37,"column":36}}},"4":{"name":"(anonymous_4)","line":69,"loc":{"start":{"line":69,"column":31},"end":{"line":69,"column":48}},"skip":true},"5":{"name":"(anonymous_5)","line":78,"loc":{"start":{"line":78,"column":26},"end":{"line":78,"column":45}},"skip":true},"6":{"name":"(anonymous_6)","line":123,"loc":{"start":{"line":123,"column":33},"end":{"line":123,"column":48}},"skip":true},"7":{"name":"(anonymous_7)","line":125,"loc":{"start":{"line":125,"column":27},"end":{"line":125,"column":39}},"skip":true},"8":{"name":"(anonymous_8)","line":133,"loc":{"start":{"line":133,"column":59},"end":{"line":133,"column":74}},"skip":true},"9":{"name":"(anonymous_9)","line":143,"loc":{"start":{"line":143,"column":45},"end":{"line":143,"column":62}},"skip":true},"10":{"name":"(anonymous_10)","line":144,"loc":{"start":{"line":144,"column":73},"end":{"line":144,"column":92}},"skip":true},"11":{"name":"(anonymous_11)","line":272,"loc":{"start":{"line":272,"column":51},"end":{"line":272,"column":77}},"skip":true},"12":{"name":"(anonymous_12)","line":315,"loc":{"start":{"line":315,"column":32},"end":{"line":315,"column":61}},"skip":true}},"statementMap":{"1":{"start":{"line":26,"column":0},"end":{"line":326,"column":5}},"2":{"start":{"line":28,"column":4},"end":{"line":28,"column":14}},"3":{"start":{"line":33,"column":4},"end":{"line":60,"column":9}},"4":{"start":{"line":35,"column":8},"end":{"line":35,"column":19}},"5":{"start":{"line":37,"column":8},"end":{"line":49,"column":13}},"6":{"start":{"line":38,"column":12},"end":{"line":48,"column":13}},"7":{"start":{"line":39,"column":16},"end":{"line":42,"column":30}},"8":{"start":{"line":44,"column":16},"end":{"line":47,"column":27}},"9":{"start":{"line":51,"column":8},"end":{"line":53,"column":21}},"10":{"start":{"line":55,"column":8},"end":{"line":57,"column":45}},"11":{"start":{"line":59,"column":8},"end":{"line":59,"column":35}},"12":{"start":{"line":61,"column":4},"end":{"line":325,"column":5}},"13":{"start":{"line":69,"column":8},"end":{"line":121,"column":10},"skip":true},"14":{"start":{"line":70,"column":12},"end":{"line":88,"column":13},"skip":true},"15":{"start":{"line":76,"column":16},"end":{"line":87,"column":19},"skip":true},"16":{"start":{"line":79,"column":20},"end":{"line":86,"column":21},"skip":true},"17":{"start":{"line":82,"column":24},"end":{"line":82,"column":43},"skip":true},"18":{"start":{"line":83,"column":24},"end":{"line":83,"column":30},"skip":true},"19":{"start":{"line":85,"column":24},"end":{"line":85,"column":49},"skip":true},"20":{"start":{"line":89,"column":12},"end":{"line":107,"column":13},"skip":true},"21":{"start":{"line":92,"column":16},"end":{"line":102,"column":17},"skip":true},"22":{"start":{"line":93,"column":20},"end":{"line":93,"column":86},"skip":true},"23":{"start":{"line":94,"column":20},"end":{"line":95,"column":45},"skip":true},"24":{"start":{"line":96,"column":20},"end":{"line":96,"column":42},"skip":true},"25":{"start":{"line":97,"column":20},"end":{"line":97,"column":48},"skip":true},"26":{"start":{"line":100,"column":20},"end":{"line":100,"column":85},"skip":true},"27":{"start":{"line":101,"column":20},"end":{"line":101,"column":96},"skip":true},"28":{"start":{"line":103,"column":16},"end":{"line":103,"column":22},"skip":true},"29":{"start":{"line":106,"column":16},"end":{"line":106,"column":22},"skip":true},"30":{"start":{"line":108,"column":12},"end":{"line":120,"column":13},"skip":true},"31":{"start":{"line":114,"column":16},"end":{"line":119,"column":17},"skip":true},"32":{"start":{"line":116,"column":20},"end":{"line":116,"column":78},"skip":true},"33":{"start":{"line":118,"column":20},"end":{"line":118,"column":47},"skip":true},"34":{"start":{"line":123,"column":8},"end":{"line":141,"column":11},"skip":true},"35":{"start":{"line":124,"column":12},"end":{"line":124,"column":54},"skip":true},"36":{"start":{"line":125,"column":12},"end":{"line":140,"column":14},"skip":true},"37":{"start":{"line":126,"column":16},"end":{"line":126,"column":28},"skip":true},"38":{"start":{"line":127,"column":16},"end":{"line":127,"column":69},"skip":true},"39":{"start":{"line":128,"column":16},"end":{"line":128,"column":75},"skip":true},"40":{"start":{"line":129,"column":16},"end":{"line":131,"column":17},"skip":true},"41":{"start":{"line":130,"column":20},"end":{"line":130,"column":27},"skip":true},"42":{"start":{"line":133,"column":16},"end":{"line":137,"column":36},"skip":true},"43":{"start":{"line":134,"column":20},"end":{"line":136,"column":55},"skip":true},"44":{"start":{"line":139,"column":16},"end":{"line":139,"column":57},"skip":true},"45":{"start":{"line":143,"column":8},"end":{"line":147,"column":11},"skip":true},"46":{"start":{"line":144,"column":12},"end":{"line":146,"column":15},"skip":true},"47":{"start":{"line":145,"column":16},"end":{"line":145,"column":70},"skip":true},"48":{"start":{"line":149,"column":8},"end":{"line":149,"column":31},"skip":true},"49":{"start":{"line":150,"column":8},"end":{"line":150,"column":14},"skip":true},"50":{"start":{"line":158,"column":8},"end":{"line":158,"column":31},"skip":true},"51":{"start":{"line":160,"column":8},"end":{"line":160,"column":33},"skip":true},"52":{"start":{"line":161,"column":8},"end":{"line":161,"column":37},"skip":true},"53":{"start":{"line":162,"column":8},"end":{"line":162,"column":35},"skip":true},"54":{"start":{"line":164,"column":8},"end":{"line":164,"column":50},"skip":true},"55":{"start":{"line":166,"column":8},"end":{"line":256,"column":2},"skip":true},"56":{"start":{"line":258,"column":8},"end":{"line":286,"column":9},"skip":true},"57":{"start":{"line":259,"column":12},"end":{"line":269,"column":14},"skip":true},"58":{"start":{"line":271,"column":12},"end":{"line":285,"column":19},"skip":true},"59":{"start":{"line":274,"column":20},"end":{"line":274,"column":35},"skip":true},"60":{"start":{"line":275,"column":20},"end":{"line":284,"column":21},"skip":true},"61":{"start":{"line":277,"column":24},"end":{"line":277,"column":64},"skip":true},"62":{"start":{"line":279,"column":24},"end":{"line":279,"column":40},"skip":true},"63":{"start":{"line":281,"column":24},"end":{"line":281,"column":40},"skip":true},"64":{"start":{"line":283,"column":24},"end":{"line":283,"column":39},"skip":true},"65":{"start":{"line":288,"column":8},"end":{"line":290,"column":9},"skip":true},"66":{"start":{"line":289,"column":12},"end":{"line":289,"column":18},"skip":true},"67":{"start":{"line":291,"column":8},"end":{"line":293,"column":54},"skip":true},"68":{"start":{"line":296,"column":8},"end":{"line":301,"column":37},"skip":true},"69":{"start":{"line":303,"column":8},"end":{"line":303,"column":82},"skip":true},"70":{"start":{"line":306,"column":8},"end":{"line":308,"column":9},"skip":true},"71":{"start":{"line":307,"column":12},"end":{"line":307,"column":82},"skip":true},"72":{"start":{"line":310,"column":8},"end":{"line":312,"column":9},"skip":true},"73":{"start":{"line":311,"column":12},"end":{"line":311,"column":18},"skip":true},"74":{"start":{"line":313,"column":8},"end":{"line":313,"column":54},"skip":true},"75":{"start":{"line":314,"column":8},"end":{"line":314,"column":69},"skip":true},"76":{"start":{"line":315,"column":8},"end":{"line":323,"column":36},"skip":true},"77":{"start":{"line":316,"column":12},"end":{"line":316,"column":61},"skip":true},"78":{"start":{"line":317,"column":12},"end":{"line":320,"column":13},"skip":true},"79":{"start":{"line":318,"column":16},"end":{"line":318,"column":75},"skip":true},"80":{"start":{"line":319,"column":16},"end":{"line":319,"column":23},"skip":true},"81":{"start":{"line":321,"column":12},"end":{"line":321,"column":38},"skip":true},"82":{"start":{"line":322,"column":12},"end":{"line":322,"column":27},"skip":true},"83":{"start":{"line":324,"column":8},"end":{"line":324,"column":14},"skip":true}},"branchMap":{"1":{"line":39,"type":"binary-expr","locations":[{"start":{"line":39,"column":23},"end":{"line":39,"column":62}},{"start":{"line":40,"column":20},"end":{"line":40,"column":70}},{"start":{"line":41,"column":20},"end":{"line":41,"column":71}},{"start":{"line":42,"column":20},"end":{"line":42,"column":29}}]},"2":{"line":44,"type":"binary-expr","locations":[{"start":{"line":44,"column":23},"end":{"line":44,"column":37}},{"start":{"line":45,"column":20},"end":{"line":45,"column":61}},{"start":{"line":46,"column":20},"end":{"line":46,"column":70}},{"start":{"line":47,"column":20},"end":{"line":47,"column":26}}]},"3":{"line":51,"type":"cond-expr","locations":[{"start":{"line":52,"column":14},"end":{"line":52,"column":20}},{"start":{"line":53,"column":14},"end":{"line":53,"column":20}}]},"4":{"line":55,"type":"binary-expr","locations":[{"start":{"line":55,"column":16},"end":{"line":55,"column":44}},{"start":{"line":55,"column":49},"end":{"line":57,"column":43}}]},"5":{"line":55,"type":"cond-expr","locations":[{"start":{"line":56,"column":14},"end":{"line":56,"column":48}},{"start":{"line":57,"column":14},"end":{"line":57,"column":43}}]},"6":{"line":61,"type":"switch","locations":[{"start":{"line":68,"column":4},"end":{"line":150,"column":14},"skip":true},{"start":{"line":156,"column":4},"end":{"line":324,"column":14},"skip":true}]},"7":{"line":70,"type":"if","locations":[{"start":{"line":70,"column":12},"end":{"line":70,"column":12},"skip":true},{"start":{"line":70,"column":12},"end":{"line":70,"column":12},"skip":true}]},"8":{"line":70,"type":"binary-expr","locations":[{"start":{"line":70,"column":16},"end":{"line":70,"column":22},"skip":true},{"start":{"line":70,"column":27},"end":{"line":70,"column":32},"skip":true},{"start":{"line":71,"column":20},"end":{"line":71,"column":39},"skip":true},{"start":{"line":72,"column":20},"end":{"line":72,"column":49},"skip":true},{"start":{"line":73,"column":20},"end":{"line":73,"column":58},"skip":true},{"start":{"line":74,"column":20},"end":{"line":74,"column":69},"skip":true}]},"9":{"line":79,"type":"switch","locations":[{"start":{"line":80,"column":20},"end":{"line":80,"column":33},"skip":true},{"start":{"line":81,"column":20},"end":{"line":83,"column":30},"skip":true},{"start":{"line":84,"column":20},"end":{"line":85,"column":49},"skip":true}]},"10":{"line":89,"type":"switch","locations":[{"start":{"line":90,"column":12},"end":{"line":103,"column":22},"skip":true},{"start":{"line":105,"column":12},"end":{"line":106,"column":22},"skip":true}]},"11":{"line":89,"type":"binary-expr","locations":[{"start":{"line":89,"column":20},"end":{"line":89,"column":25},"skip":true},{"start":{"line":89,"column":29},"end":{"line":89,"column":48},"skip":true},{"start":{"line":89,"column":52},"end":{"line":89,"column":74},"skip":true}]},"12":{"line":92,"type":"if","locations":[{"start":{"line":92,"column":16},"end":{"line":92,"column":16},"skip":true},{"start":{"line":92,"column":16},"end":{"line":92,"column":16},"skip":true}]},"13":{"line":108,"type":"if","locations":[{"start":{"line":108,"column":12},"end":{"line":108,"column":12},"skip":true},{"start":{"line":108,"column":12},"end":{"line":108,"column":12},"skip":true}]},"14":{"line":108,"type":"binary-expr","locations":[{"start":{"line":108,"column":16},"end":{"line":108,"column":61},"skip":true},{"start":{"line":108,"column":66},"end":{"line":108,"column":72},"skip":true},{"start":{"line":108,"column":77},"end":{"line":108,"column":82},"skip":true},{"start":{"line":109,"column":20},"end":{"line":109,"column":39},"skip":true},{"start":{"line":110,"column":20},"end":{"line":110,"column":49},"skip":true},{"start":{"line":111,"column":20},"end":{"line":111,"column":58},"skip":true},{"start":{"line":112,"column":20},"end":{"line":112,"column":68},"skip":true}]},"15":{"line":129,"type":"if","locations":[{"start":{"line":129,"column":16},"end":{"line":129,"column":16},"skip":true},{"start":{"line":129,"column":16},"end":{"line":129,"column":16},"skip":true}]},"16":{"line":134,"type":"cond-expr","locations":[{"start":{"line":135,"column":26},"end":{"line":135,"column":29},"skip":true},{"start":{"line":136,"column":26},"end":{"line":136,"column":54},"skip":true}]},"17":{"line":164,"type":"binary-expr","locations":[{"start":{"line":164,"column":27},"end":{"line":164,"column":43},"skip":true},{"start":{"line":164,"column":47},"end":{"line":164,"column":49},"skip":true}]},"18":{"line":258,"type":"if","locations":[{"start":{"line":258,"column":8},"end":{"line":258,"column":8},"skip":true},{"start":{"line":258,"column":8},"end":{"line":258,"column":8},"skip":true}]},"19":{"line":275,"type":"switch","locations":[{"start":{"line":276,"column":20},"end":{"line":277,"column":64},"skip":true},{"start":{"line":278,"column":20},"end":{"line":279,"column":40},"skip":true},{"start":{"line":280,"column":20},"end":{"line":281,"column":40},"skip":true},{"start":{"line":282,"column":20},"end":{"line":283,"column":39},"skip":true}]},"20":{"line":288,"type":"if","locations":[{"start":{"line":288,"column":8},"end":{"line":288,"column":8},"skip":true},{"start":{"line":288,"column":8},"end":{"line":288,"column":8},"skip":true}]},"21":{"line":288,"type":"binary-expr","locations":[{"start":{"line":288,"column":12},"end":{"line":288,"column":40},"skip":true},{"start":{"line":288,"column":44},"end":{"line":288,"column":67},"skip":true}]},"22":{"line":292,"type":"binary-expr","locations":[{"start":{"line":292,"column":12},"end":{"line":292,"column":50},"skip":true},{"start":{"line":293,"column":12},"end":{"line":293,"column":53},"skip":true}]},"23":{"line":297,"type":"binary-expr","locations":[{"start":{"line":297,"column":12},"end":{"line":297,"column":62},"skip":true},{"start":{"line":298,"column":12},"end":{"line":301,"column":36},"skip":true}]},"24":{"line":303,"type":"binary-expr","locations":[{"start":{"line":303,"column":43},"end":{"line":303,"column":75},"skip":true},{"start":{"line":303,"column":79},"end":{"line":303,"column":81},"skip":true}]},"25":{"line":306,"type":"if","locations":[{"start":{"line":306,"column":8},"end":{"line":306,"column":8},"skip":true},{"start":{"line":306,"column":8},"end":{"line":306,"column":8},"skip":true}]},"26":{"line":310,"type":"if","locations":[{"start":{"line":310,"column":8},"end":{"line":310,"column":8},"skip":true},{"start":{"line":310,"column":8},"end":{"line":310,"column":8},"skip":true}]},"27":{"line":313,"type":"binary-expr","locations":[{"start":{"line":313,"column":27},"end":{"line":313,"column":43},"skip":true},{"start":{"line":313,"column":47},"end":{"line":313,"column":53},"skip":true}]},"28":{"line":317,"type":"if","locations":[{"start":{"line":317,"column":12},"end":{"line":317,"column":12},"skip":true},{"start":{"line":317,"column":12},"end":{"line":317,"column":12},"skip":true}]}},"code":["/*","example.js","","quickstart example","","instruction","    1. save this script as example.js","    2. run the shell command:","        $ npm install npmtest-coap && PORT=8081 node example.js","    3. play with the browser-demo on http://127.0.0.1:8081","*/","","","","/* istanbul instrument in package npmtest_coap */","/*jslint","    bitwise: true,","    browser: true,","    maxerr: 8,","    maxlen: 96,","    node: true,","    nomen: true,","    regexp: true,","    stupid: true","*/","(function () {","    'use strict';","    var local;","","","","    // run shared js-env code - pre-init","    (function () {","        // init local","        local = {};","        // init modeJs","        local.modeJs = (function () {","            try {","                return typeof navigator.userAgent === 'string' &&","                    typeof document.querySelector('body') === 'object' &&","                    typeof XMLHttpRequest.prototype.open === 'function' &&","                    'browser';","            } catch (errorCaughtBrowser) {","                return module.exports &&","                    typeof process.versions.node === 'string' &&","                    typeof require('http').createServer === 'function' &&","                    'node';","            }","        }());","        // init global","        local.global = local.modeJs === 'browser'","            ? window","            : global;","        // init utility2_rollup","        local = local.global.utility2_rollup || (local.modeJs === 'browser'","            ? local.global.utility2_npmtest_coap","            : global.utility2_moduleExports);","        // export local","        local.global.local = local;","    }());","    switch (local.modeJs) {","","","","    // post-init","    // run browser js-env code - post-init","    /* istanbul ignore next */","    case 'browser':","        local.testRunBrowser = function (event) {","            if (!event || (event &&","                    event.currentTarget &&","                    event.currentTarget.className &&","                    event.currentTarget.className.includes &&","                    event.currentTarget.className.includes('onreset'))) {","                // reset output","                Array.from(","                    document.querySelectorAll('body > .resettable')","                ).forEach(function (element) {","                    switch (element.tagName) {","                    case 'INPUT':","                    case 'TEXTAREA':","                        element.value = '';","                        break;","                    default:","                        element.textContent = '';","                    }","                });","            }","            switch (event && event.currentTarget && event.currentTarget.id) {","            case 'testRunButton1':","                // show tests","                if (document.querySelector('#testReportDiv1').style.display === 'none') {","                    document.querySelector('#testReportDiv1').style.display = 'block';","                    document.querySelector('#testRunButton1').textContent =","                        'hide internal test';","                    local.modeTest = true;","                    local.testRunDefault(local);","                // hide tests","                } else {","                    document.querySelector('#testReportDiv1').style.display = 'none';","                    document.querySelector('#testRunButton1').textContent = 'run internal test';","                }","                break;","            // custom-case","            default:","                break;","            }","            if (document.querySelector('#inputTextareaEval1') && (!event || (event &&","                    event.currentTarget &&","                    event.currentTarget.className &&","                    event.currentTarget.className.includes &&","                    event.currentTarget.className.includes('oneval')))) {","                // try to eval input-code","                try {","                    /*jslint evil: true*/","                    eval(document.querySelector('#inputTextareaEval1').value);","                } catch (errorCaught) {","                    console.error(errorCaught);","                }","            }","        };","        // log stderr and stdout to #outputTextareaStdout1","        ['error', 'log'].forEach(function (key) {","            console[key + '_original'] = console[key];","            console[key] = function () {","                var element;","                console[key + '_original'].apply(console, arguments);","                element = document.querySelector('#outputTextareaStdout1');","                if (!element) {","                    return;","                }","                // append text to #outputTextareaStdout1","                element.value += Array.from(arguments).map(function (arg) {","                    return typeof arg === 'string'","                        ? arg","                        : JSON.stringify(arg, null, 4);","                }).join(' ') + '\\n';","                // scroll textarea to bottom","                element.scrollTop = element.scrollHeight;","            };","        });","        // init event-handling","        ['change', 'click', 'keyup'].forEach(function (event) {","            Array.from(document.querySelectorAll('.on' + event)).forEach(function (element) {","                element.addEventListener(event, local.testRunBrowser);","            });","        });","        // run tests","        local.testRunBrowser();","        break;","","","","    // run node js-env code - post-init","    /* istanbul ignore next */","    case 'node':","        // export local","        module.exports = local;","        // require modules","        local.fs = require('fs');","        local.http = require('http');","        local.url = require('url');","        // init assets","        local.assetsDict = local.assetsDict || {};","        /* jslint-ignore-begin */","        local.assetsDict['/assets.index.template.html'] = '\\","<!doctype html>\\n\\","<html lang=\"en\">\\n\\","<head>\\n\\","<meta charset=\"UTF-8\">\\n\\","<meta name=\"viewport\" content=\"width=device-width, initial-scale=1\">\\n\\","<title>{{env.npm_package_name}} (v{{env.npm_package_version}})</title>\\n\\","<style>\\n\\","/*csslint\\n\\","    box-sizing: false,\\n\\","    universal-selector: false\\n\\","*/\\n\\","* {\\n\\","    box-sizing: border-box;\\n\\","}\\n\\","body {\\n\\","    background: #dde;\\n\\","    font-family: Arial, Helvetica, sans-serif;\\n\\","    margin: 2rem;\\n\\","}\\n\\","body > * {\\n\\","    margin-bottom: 1rem;\\n\\","}\\n\\",".utility2FooterDiv {\\n\\","    margin-top: 20px;\\n\\","    text-align: center;\\n\\","}\\n\\","</style>\\n\\","<style>\\n\\","/*csslint\\n\\","*/\\n\\","textarea {\\n\\","    font-family: monospace;\\n\\","    height: 10rem;\\n\\","    width: 100%;\\n\\","}\\n\\","textarea[readonly] {\\n\\","    background: #ddd;\\n\\","}\\n\\","</style>\\n\\","</head>\\n\\","<body>\\n\\","<!-- utility2-comment\\n\\","<div id=\"ajaxProgressDiv1\" style=\"background: #d00; height: 2px; left: 0; margin: 0; padding: 0; position: fixed; top: 0; transition: background 0.5s, width 1.5s; width: 25%;\"></div>\\n\\","utility2-comment -->\\n\\","<h1>\\n\\","<!-- utility2-comment\\n\\","    <a\\n\\","        {{#if env.npm_package_homepage}}\\n\\","        href=\"{{env.npm_package_homepage}}\"\\n\\","        {{/if env.npm_package_homepage}}\\n\\","        target=\"_blank\"\\n\\","    >\\n\\","utility2-comment -->\\n\\","        {{env.npm_package_name}} (v{{env.npm_package_version}})\\n\\","<!-- utility2-comment\\n\\","    </a>\\n\\","utility2-comment -->\\n\\","</h1>\\n\\","<h3>{{env.npm_package_description}}</h3>\\n\\","<!-- utility2-comment\\n\\","<h4><a download href=\"assets.app.js\">download standalone app</a></h4>\\n\\","<button class=\"onclick onreset\" id=\"testRunButton1\">run internal test</button><br>\\n\\","<div id=\"testReportDiv1\" style=\"display: none;\"></div>\\n\\","utility2-comment -->\\n\\","\\n\\","\\n\\","\\n\\","<label>stderr and stdout</label>\\n\\","<textarea class=\"resettable\" id=\"outputTextareaStdout1\" readonly></textarea>\\n\\","<!-- utility2-comment\\n\\","{{#if isRollup}}\\n\\","<script src=\"assets.app.js\"></script>\\n\\","{{#unless isRollup}}\\n\\","utility2-comment -->\\n\\","<script src=\"assets.utility2.rollup.js\"></script>\\n\\","<script src=\"jsonp.utility2._stateInit?callback=window.utility2._stateInit\"></script>\\n\\","<script src=\"assets.npmtest_coap.rollup.js\"></script>\\n\\","<script src=\"assets.example.js\"></script>\\n\\","<script src=\"assets.test.js\"></script>\\n\\","<!-- utility2-comment\\n\\","{{/if isRollup}}\\n\\","utility2-comment -->\\n\\","<div class=\"utility2FooterDiv\">\\n\\","    [ this app was created with\\n\\","    <a href=\"https://github.com/kaizhu256/node-utility2\" target=\"_blank\">utility2</a>\\n\\","    ]\\n\\","</div>\\n\\","</body>\\n\\","</html>\\n\\","';","        /* jslint-ignore-end */","        if (local.templateRender) {","            local.assetsDict['/'] = local.templateRender(","                local.assetsDict['/assets.index.template.html'],","                {","                    env: local.objectSetDefault(local.env, {","                        npm_package_description: 'the greatest app in the world!',","                        npm_package_name: 'my-app',","                        npm_package_nameAlias: 'my_app',","                        npm_package_version: '0.0.1'","                    })","                }","            );","        } else {","            local.assetsDict['/'] = local.assetsDict['/assets.index.template.html']","                .replace((/\\{\\{env\\.(\\w+?)\\}\\}/g), function (match0, match1) {","                    // jslint-hack","                    String(match0);","                    switch (match1) {","                    case 'npm_package_description':","                        return 'the greatest app in the world!';","                    case 'npm_package_name':","                        return 'my-app';","                    case 'npm_package_nameAlias':","                        return 'my_app';","                    case 'npm_package_version':","                        return '0.0.1';","                    }","                });","        }","        // run the cli","        if (local.global.utility2_rollup || module !== require.main) {","            break;","        }","        local.assetsDict['/assets.example.js'] =","            local.assetsDict['/assets.example.js'] ||","            local.fs.readFileSync(__filename, 'utf8');","        // bug-workaround - long $npm_package_buildCustomOrg","        /* jslint-ignore-begin */","        local.assetsDict['/assets.npmtest_coap.rollup.js'] =","            local.assetsDict['/assets.npmtest_coap.rollup.js'] ||","            local.fs.readFileSync(","                local.npmtest_coap.__dirname + '/lib.npmtest_coap.js',","                'utf8'","            ).replace((/^#!/), '//');","        /* jslint-ignore-end */","        local.assetsDict['/favicon.ico'] = local.assetsDict['/favicon.ico'] || '';","        // if $npm_config_timeout_exit exists,","        // then exit this process after $npm_config_timeout_exit ms","        if (Number(process.env.npm_config_timeout_exit)) {","            setTimeout(process.exit, Number(process.env.npm_config_timeout_exit));","        }","        // start server","        if (local.global.utility2_serverHttp1) {","            break;","        }","        process.env.PORT = process.env.PORT || '8081';","        console.error('server starting on port ' + process.env.PORT);","        local.http.createServer(function (request, response) {","            request.urlParsed = local.url.parse(request.url);","            if (local.assetsDict[request.urlParsed.pathname] !== undefined) {","                response.end(local.assetsDict[request.urlParsed.pathname]);","                return;","            }","            response.statusCode = 404;","            response.end();","        }).listen(process.env.PORT);","        break;","    }","}());",""],"l":{"26":2,"28":2,"33":2,"35":2,"37":2,"38":2,"39":2,"44":1,"51":2,"55":2,"59":2,"61":2,"69":1,"70":2,"76":2,"79":2,"82":2,"83":2,"85":1,"89":2,"92":1,"93":1,"94":1,"96":1,"97":1,"100":1,"101":1,"103":1,"106":1,"108":2,"114":1,"116":1,"118":1,"123":1,"124":2,"125":2,"126":3,"127":3,"128":3,"129":3,"130":1,"133":3,"134":3,"139":3,"143":1,"144":3,"145":1,"149":1,"150":1,"158":1,"160":1,"161":1,"162":1,"164":1,"166":1,"258":1,"259":1,"271":1,"274":6,"275":6,"277":1,"279":2,"281":1,"283":2,"288":1,"289":1,"291":1,"296":1,"303":1,"306":1,"307":1,"310":1,"311":1,"313":1,"314":1,"315":1,"316":1,"317":1,"318":1,"319":1,"321":1,"322":1,"324":1}},"/home/travis/build/npmtest/node-npmtest-coap/node_modules/coap/index.js":{"path":"/home/travis/build/npmtest/node-npmtest-coap/node_modules/coap/index.js","s":{"1":1,"2":1,"3":0,"4":0,"5":0,"6":0,"7":0,"8":0,"9":0,"10":0,"11":0,"12":0,"13":0,"14":0,"15":0,"16":0,"17":1,"18":1,"19":1,"20":1,"21":1,"22":1,"23":1,"24":1,"25":1,"26":1},"b":{"1":[0,0],"2":[0,0],"3":[0,0],"4":[0,0],"5":[0,0],"6":[0,0],"7":[0,0],"8":[0,0]},"f":{"1":0},"fnMap":{"1":{"name":"(anonymous_1)","line":18,"loc":{"start":{"line":18,"column":25},"end":{"line":18,"column":39}}}},"statementMap":{"1":{"start":{"line":9,"column":0},"end":{"line":16,"column":49}},"2":{"start":{"line":18,"column":0},"end":{"line":38,"column":1}},"3":{"start":{"line":19,"column":2},"end":{"line":19,"column":22}},"4":{"start":{"line":21,"column":2},"end":{"line":22,"column":24}},"5":{"start":{"line":22,"column":4},"end":{"line":22,"column":24}},"6":{"start":{"line":24,"column":2},"end":{"line":24,"column":45}},"7":{"start":{"line":26,"column":2},"end":{"line":35,"column":31}},"8":{"start":{"line":27,"column":4},"end":{"line":27,"column":21}},"9":{"start":{"line":28,"column":7},"end":{"line":35,"column":31}},"10":{"start":{"line":29,"column":4},"end":{"line":29,"column":39}},"11":{"start":{"line":30,"column":7},"end":{"line":35,"column":31}},"12":{"start":{"line":31,"column":4},"end":{"line":31,"column":39}},"13":{"start":{"line":32,"column":7},"end":{"line":35,"column":31}},"14":{"start":{"line":33,"column":4},"end":{"line":33,"column":35}},"15":{"start":{"line":35,"column":4},"end":{"line":35,"column":31}},"16":{"start":{"line":37,"column":2},"end":{"line":37,"column":27}},"17":{"start":{"line":40,"column":0},"end":{"line":40,"column":36}},"18":{"start":{"line":42,"column":0},"end":{"line":42,"column":28}},"19":{"start":{"line":43,"column":0},"end":{"line":43,"column":40}},"20":{"start":{"line":44,"column":0},"end":{"line":44,"column":46}},"21":{"start":{"line":46,"column":0},"end":{"line":46,"column":58}},"22":{"start":{"line":47,"column":0},"end":{"line":47,"column":58}},"23":{"start":{"line":48,"column":0},"end":{"line":48,"column":54}},"24":{"start":{"line":50,"column":0},"end":{"line":50,"column":38}},"25":{"start":{"line":51,"column":0},"end":{"line":51,"column":54}},"26":{"start":{"line":52,"column":0},"end":{"line":52,"column":55}}},"branchMap":{"1":{"line":21,"type":"if","locations":[{"start":{"line":21,"column":2},"end":{"line":21,"column":2}},{"start":{"line":21,"column":2},"end":{"line":21,"column":2}}]},"2":{"line":24,"type":"binary-expr","locations":[{"start":{"line":24,"column":20},"end":{"line":24,"column":32}},{"start":{"line":24,"column":36},"end":{"line":24,"column":44}}]},"3":{"line":26,"type":"if","locations":[{"start":{"line":26,"column":2},"end":{"line":26,"column":2}},{"start":{"line":26,"column":2},"end":{"line":26,"column":2}}]},"4":{"line":28,"type":"if","locations":[{"start":{"line":28,"column":7},"end":{"line":28,"column":7}},{"start":{"line":28,"column":7},"end":{"line":28,"column":7}}]},"5":{"line":28,"type":"binary-expr","locations":[{"start":{"line":28,"column":11},"end":{"line":28,"column":30}},{"start":{"line":28,"column":34},"end":{"line":28,"column":39}}]},"6":{"line":30,"type":"if","locations":[{"start":{"line":30,"column":7},"end":{"line":30,"column":7}},{"start":{"line":30,"column":7},"end":{"line":30,"column":7}}]},"7":{"line":30,"type":"binary-expr","locations":[{"start":{"line":30,"column":11},"end":{"line":30,"column":30}},{"start":{"line":30,"column":34},"end":{"line":30,"column":38}}]},"8":{"line":32,"type":"if","locations":[{"start":{"line":32,"column":7},"end":{"line":32,"column":7}},{"start":{"line":32,"column":7},"end":{"line":32,"column":7}}]}},"code":["/*"," * Copyright (c) 2013-2015 node-coap contributors."," *"," * node-coap is licensed under an MIT +no-false-attribs license."," * All rights not explicitly granted in the MIT license are reserved."," * See the included LICENSE file for more details."," */","","var optionsConv     = require('./lib/option_converter')","  , Server          = require('./lib/server')","  , Agent           = require('./lib/agent')","  , parameters      = require('./lib/parameters')","  , net             = require('net')","  , URL             = require('url')","  , globalAgent     = new Agent({ type: 'udp4' })","  , globalAgentV6   = new Agent({ type: 'udp6' })","","module.exports.request = function(url) {","  var agent, req, ipv6","","  if (typeof url === 'string')","    url = URL.parse(url)","","  ipv6 = net.isIPv6(url.hostname || url.host)","","  if (url.agent)","    agent = url.agent","  else if (url.agent === false && !ipv6)","    agent = new Agent({ type: 'udp4' })","  else if (url.agent === false && ipv6)","    agent = new Agent({ type: 'udp6' })","  else if (ipv6)","    agent = exports.globalAgentIPv6","  else","    agent = exports.globalAgent","","  return agent.request(url)","}","","module.exports.createServer = Server","","module.exports.Agent = Agent","module.exports.globalAgent = globalAgent","module.exports.globalAgentIPv6 = globalAgentV6","","module.exports.registerOption = optionsConv.registerOption","module.exports.registerFormat = optionsConv.registerFormat","module.exports.ignoreOption = optionsConv.ignoreOption","","module.exports.parameters = parameters","module.exports.updateTiming = parameters.refreshTiming","module.exports.defaultTiming = parameters.defaultTiming",""],"l":{"9":1,"18":1,"19":0,"21":0,"22":0,"24":0,"26":0,"27":0,"28":0,"29":0,"30":0,"31":0,"32":0,"33":0,"35":0,"37":0,"40":1,"42":1,"43":1,"44":1,"46":1,"47":1,"48":1,"50":1,"51":1,"52":1}},"/home/travis/build/npmtest/node-npmtest-coap/node_modules/coap/lib/option_converter.js":{"path":"/home/travis/build/npmtest/node-npmtest-coap/node_modules/coap/lib/option_converter.js","s":{"1":1,"2":1,"3":1,"4":1,"5":0,"6":0,"7":0,"8":0,"9":0,"10":1,"11":0,"12":0,"13":0,"14":0,"15":1,"16":8,"17":8,"18":1,"19":1,"20":3,"21":1,"22":1,"23":1,"24":1,"25":1,"26":0,"27":1,"28":0,"29":1,"30":0,"31":1,"32":1,"33":1,"34":1,"35":1,"36":0,"37":0,"38":0,"39":0,"40":0,"41":0,"42":0,"43":0,"44":1,"45":0,"46":0,"47":0,"48":0,"49":1,"50":1,"51":1,"52":1,"53":7,"54":7,"55":0,"56":0,"57":7,"58":7,"59":7,"60":1,"61":1,"62":1,"63":1,"64":1,"65":1,"66":1,"67":1,"68":1,"69":0,"70":0,"71":0,"72":0,"73":1,"74":0,"75":0,"76":0,"77":0,"78":0,"79":0,"80":0,"81":0,"82":0,"83":0,"84":0,"85":1,"86":1,"87":1,"88":0,"89":0,"90":0,"91":0,"92":0,"93":0,"94":0,"95":0,"96":0,"97":0,"98":0,"99":0,"100":0,"101":0,"102":0,"103":0,"104":0,"105":0,"106":0,"107":0,"108":0,"109":0},"b":{"1":[0,0],"2":[0,0],"3":[0,0],"4":[0,0],"5":[0,0,0],"6":[0,7],"7":[0,0],"8":[0,0],"9":[0,0],"10":[0,0],"11":[0,0],"12":[0,0],"13":[0,0],"14":[0,0],"15":[0,0],"16":[0,0],"17":[0,0]},"f":{"1":0,"2":0,"3":8,"4":3,"5":0,"6":0,"7":0,"8":0,"9":0,"10":7,"11":0,"12":0,"13":0,"14":0},"fnMap":{"1":{"name":"(anonymous_1)","line":16,"loc":{"start":{"line":16,"column":26},"end":{"line":16,"column":48}}},"2":{"name":"(anonymous_2)","line":26,"loc":{"start":{"line":26,"column":28},"end":{"line":26,"column":50}}},"3":{"name":"(anonymous_3)","line":35,"loc":{"start":{"line":35,"column":21},"end":{"line":35,"column":58}}},"4":{"name":"(anonymous_4)","line":42,"loc":{"start":{"line":42,"column":19},"end":{"line":42,"column":34}}},"5":{"name":"(anonymous_5)","line":52,"loc":{"start":{"line":52,"column":27},"end":{"line":52,"column":42}}},"6":{"name":"(anonymous_6)","line":57,"loc":{"start":{"line":57,"column":17},"end":{"line":57,"column":34}}},"7":{"name":"(anonymous_7)","line":61,"loc":{"start":{"line":61,"column":15},"end":{"line":61,"column":31}}},"8":{"name":"(anonymous_8)","line":70,"loc":{"start":{"line":70,"column":15},"end":{"line":70,"column":32}}},"9":{"name":"(anonymous_9)","line":83,"loc":{"start":{"line":83,"column":13},"end":{"line":83,"column":29}}},"10":{"name":"(anonymous_10)","line":97,"loc":{"start":{"line":97,"column":21},"end":{"line":97,"column":43}}},"11":{"name":"(anonymous_11)","line":121,"loc":{"start":{"line":121,"column":28},"end":{"line":121,"column":44}}},"12":{"name":"(anonymous_12)","line":129,"loc":{"start":{"line":129,"column":28},"end":{"line":129,"column":44}}},"13":{"name":"(anonymous_13)","line":150,"loc":{"start":{"line":150,"column":26},"end":{"line":150,"column":45}}},"14":{"name":"(anonymous_14)","line":169,"loc":{"start":{"line":169,"column":3},"end":{"line":169,"column":17}}}},"statementMap":{"1":{"start":{"line":10,"column":0},"end":{"line":10,"column":32}},"2":{"start":{"line":11,"column":0},"end":{"line":11,"column":34}},"3":{"start":{"line":14,"column":0},"end":{"line":14,"column":24}},"4":{"start":{"line":16,"column":0},"end":{"line":24,"column":1}},"5":{"start":{"line":17,"column":2},"end":{"line":18,"column":16}},"6":{"start":{"line":18,"column":4},"end":{"line":18,"column":16}},"7":{"start":{"line":20,"column":2},"end":{"line":21,"column":77}},"8":{"start":{"line":21,"column":4},"end":{"line":21,"column":77}},"9":{"start":{"line":23,"column":2},"end":{"line":23,"column":45}},"10":{"start":{"line":26,"column":0},"end":{"line":33,"column":1}},"11":{"start":{"line":27,"column":2},"end":{"line":27,"column":47}},"12":{"start":{"line":29,"column":2},"end":{"line":30,"column":16}},"13":{"start":{"line":30,"column":4},"end":{"line":30,"column":16}},"14":{"start":{"line":32,"column":2},"end":{"line":32,"column":23}},"15":{"start":{"line":35,"column":0},"end":{"line":38,"column":1}},"16":{"start":{"line":36,"column":2},"end":{"line":36,"column":46}},"17":{"start":{"line":37,"column":2},"end":{"line":37,"column":42}},"18":{"start":{"line":40,"column":0},"end":{"line":40,"column":46}},"19":{"start":{"line":42,"column":0},"end":{"line":44,"column":1}},"20":{"start":{"line":43,"column":2},"end":{"line":43,"column":30}},"21":{"start":{"line":46,"column":0},"end":{"line":46,"column":42}},"22":{"start":{"line":48,"column":0},"end":{"line":48,"column":29}},"23":{"start":{"line":49,"column":0},"end":{"line":49,"column":30}},"24":{"start":{"line":50,"column":0},"end":{"line":50,"column":29}},"25":{"start":{"line":52,"column":0},"end":{"line":54,"column":1}},"26":{"start":{"line":53,"column":2},"end":{"line":53,"column":31}},"27":{"start":{"line":57,"column":0},"end":{"line":59,"column":1}},"28":{"start":{"line":58,"column":2},"end":{"line":58,"column":27}},"29":{"start":{"line":61,"column":0},"end":{"line":63,"column":1}},"30":{"start":{"line":62,"column":2},"end":{"line":62,"column":25}},"31":{"start":{"line":65,"column":0},"end":{"line":65,"column":44}},"32":{"start":{"line":66,"column":0},"end":{"line":66,"column":53}},"33":{"start":{"line":67,"column":0},"end":{"line":67,"column":54}},"34":{"start":{"line":68,"column":0},"end":{"line":68,"column":49}},"35":{"start":{"line":70,"column":0},"end":{"line":81,"column":1}},"36":{"start":{"line":71,"column":2},"end":{"line":71,"column":27}},"37":{"start":{"line":72,"column":2},"end":{"line":74,"column":3}},"38":{"start":{"line":73,"column":4},"end":{"line":73,"column":51}},"39":{"start":{"line":75,"column":2},"end":{"line":75,"column":16}},"40":{"start":{"line":76,"column":2},"end":{"line":79,"column":3}},"41":{"start":{"line":77,"column":4},"end":{"line":77,"column":29}},"42":{"start":{"line":78,"column":4},"end":{"line":78,"column":33}},"43":{"start":{"line":80,"column":2},"end":{"line":80,"column":26}},"44":{"start":{"line":83,"column":0},"end":{"line":89,"column":1}},"45":{"start":{"line":84,"column":2},"end":{"line":84,"column":17}},"46":{"start":{"line":85,"column":2},"end":{"line":87,"column":3}},"47":{"start":{"line":86,"column":4},"end":{"line":86,"column":36}},"48":{"start":{"line":88,"column":2},"end":{"line":88,"column":15}},"49":{"start":{"line":91,"column":0},"end":{"line":91,"column":43}},"50":{"start":{"line":94,"column":0},"end":{"line":94,"column":22}},"51":{"start":{"line":95,"column":0},"end":{"line":95,"column":24}},"52":{"start":{"line":97,"column":0},"end":{"line":109,"column":1}},"53":{"start":{"line":98,"column":2},"end":{"line":98,"column":12}},"54":{"start":{"line":100,"column":2},"end":{"line":105,"column":3}},"55":{"start":{"line":101,"column":4},"end":{"line":101,"column":26}},"56":{"start":{"line":102,"column":4},"end":{"line":102,"column":34}},"57":{"start":{"line":104,"column":4},"end":{"line":104,"column":31}},"58":{"start":{"line":107,"column":2},"end":{"line":107,"column":29}},"59":{"start":{"line":108,"column":2},"end":{"line":108,"column":31}},"60":{"start":{"line":111,"column":0},"end":{"line":111,"column":46}},"61":{"start":{"line":113,"column":0},"end":{"line":113,"column":31}},"62":{"start":{"line":114,"column":0},"end":{"line":114,"column":45}},"63":{"start":{"line":115,"column":0},"end":{"line":115,"column":37}},"64":{"start":{"line":116,"column":0},"end":{"line":116,"column":46}},"65":{"start":{"line":117,"column":0},"end":{"line":117,"column":37}},"66":{"start":{"line":118,"column":0},"end":{"line":118,"column":38}},"67":{"start":{"line":119,"column":0},"end":{"line":119,"column":38}},"68":{"start":{"line":121,"column":0},"end":{"line":127,"column":1}},"69":{"start":{"line":122,"column":2},"end":{"line":122,"column":49}},"70":{"start":{"line":123,"column":2},"end":{"line":124,"column":55}},"71":{"start":{"line":124,"column":4},"end":{"line":124,"column":55}},"72":{"start":{"line":126,"column":2},"end":{"line":126,"column":15}},"73":{"start":{"line":129,"column":0},"end":{"line":146,"column":1}},"74":{"start":{"line":130,"column":2},"end":{"line":131,"column":29}},"75":{"start":{"line":131,"column":4},"end":{"line":131,"column":29}},"76":{"start":{"line":133,"column":2},"end":{"line":138,"column":55}},"77":{"start":{"line":134,"column":4},"end":{"line":134,"column":30}},"78":{"start":{"line":135,"column":7},"end":{"line":138,"column":55}},"79":{"start":{"line":136,"column":4},"end":{"line":136,"column":33}},"80":{"start":{"line":138,"column":4},"end":{"line":138,"column":55}},"81":{"start":{"line":140,"column":2},"end":{"line":140,"column":37}},"82":{"start":{"line":142,"column":2},"end":{"line":143,"column":47}},"83":{"start":{"line":143,"column":4},"end":{"line":143,"column":47}},"84":{"start":{"line":145,"column":2},"end":{"line":145,"column":15}},"85":{"start":{"line":148,"column":0},"end":{"line":148,"column":78}},"86":{"start":{"line":149,"column":0},"end":{"line":149,"column":70}},"87":{"start":{"line":150,"column":0},"end":{"line":182,"column":2}},"88":{"start":{"line":151,"column":2},"end":{"line":151,"column":9}},"89":{"start":{"line":153,"column":2},"end":{"line":166,"column":3}},"90":{"start":{"line":154,"column":4},"end":{"line":154,"column":23}},"91":{"start":{"line":155,"column":9},"end":{"line":166,"column":3}},"92":{"start":{"line":156,"column":4},"end":{"line":156,"column":23}},"93":{"start":{"line":157,"column":4},"end":{"line":157,"column":31}},"94":{"start":{"line":158,"column":9},"end":{"line":166,"column":3}},"95":{"start":{"line":159,"column":4},"end":{"line":159,"column":23}},"96":{"start":{"line":160,"column":4},"end":{"line":160,"column":34}},"97":{"start":{"line":163,"column":4},"end":{"line":163,"column":23}},"98":{"start":{"line":164,"column":4},"end":{"line":164,"column":51}},"99":{"start":{"line":165,"column":4},"end":{"line":165,"column":42}},"100":{"start":{"line":168,"column":2},"end":{"line":168,"column":12}},"101":{"start":{"line":170,"column":2},"end":{"line":170,"column":16}},"102":{"start":{"line":172,"column":2},"end":{"line":179,"column":3}},"103":{"start":{"line":173,"column":4},"end":{"line":173,"column":29}},"104":{"start":{"line":174,"column":9},"end":{"line":179,"column":3}},"105":{"start":{"line":175,"column":4},"end":{"line":175,"column":32}},"106":{"start":{"line":176,"column":9},"end":{"line":179,"column":3}},"107":{"start":{"line":177,"column":4},"end":{"line":177,"column":38}},"108":{"start":{"line":178,"column":4},"end":{"line":178,"column":33}},"109":{"start":{"line":181,"column":2},"end":{"line":181,"column":15}}},"branchMap":{"1":{"line":17,"type":"if","locations":[{"start":{"line":17,"column":2},"end":{"line":17,"column":2}},{"start":{"line":17,"column":2},"end":{"line":17,"column":2}}]},"2":{"line":20,"type":"if","locations":[{"start":{"line":20,"column":2},"end":{"line":20,"column":2}},{"start":{"line":20,"column":2},"end":{"line":20,"column":2}}]},"3":{"line":29,"type":"if","locations":[{"start":{"line":29,"column":2},"end":{"line":29,"column":2}},{"start":{"line":29,"column":2},"end":{"line":29,"column":2}}]},"4":{"line":72,"type":"if","locations":[{"start":{"line":72,"column":2},"end":{"line":72,"column":2}},{"start":{"line":72,"column":2},"end":{"line":72,"column":2}}]},"5":{"line":72,"type":"binary-expr","locations":[{"start":{"line":72,"column":6},"end":{"line":72,"column":21}},{"start":{"line":72,"column":25},"end":{"line":72,"column":50}},{"start":{"line":72,"column":54},"end":{"line":72,"column":62}}]},"6":{"line":100,"type":"if","locations":[{"start":{"line":100,"column":2},"end":{"line":100,"column":2}},{"start":{"line":100,"column":2},"end":{"line":100,"column":2}}]},"7":{"line":123,"type":"if","locations":[{"start":{"line":123,"column":2},"end":{"line":123,"column":2}},{"start":{"line":123,"column":2},"end":{"line":123,"column":2}}]},"8":{"line":130,"type":"if","locations":[{"start":{"line":130,"column":2},"end":{"line":130,"column":2}},{"start":{"line":130,"column":2},"end":{"line":130,"column":2}}]},"9":{"line":133,"type":"if","locations":[{"start":{"line":133,"column":2},"end":{"line":133,"column":2}},{"start":{"line":133,"column":2},"end":{"line":133,"column":2}}]},"10":{"line":135,"type":"if","locations":[{"start":{"line":135,"column":7},"end":{"line":135,"column":7}},{"start":{"line":135,"column":7},"end":{"line":135,"column":7}}]},"11":{"line":142,"type":"if","locations":[{"start":{"line":142,"column":2},"end":{"line":142,"column":2}},{"start":{"line":142,"column":2},"end":{"line":142,"column":2}}]},"12":{"line":153,"type":"if","locations":[{"start":{"line":153,"column":2},"end":{"line":153,"column":2}},{"start":{"line":153,"column":2},"end":{"line":153,"column":2}}]},"13":{"line":155,"type":"if","locations":[{"start":{"line":155,"column":9},"end":{"line":155,"column":9}},{"start":{"line":155,"column":9},"end":{"line":155,"column":9}}]},"14":{"line":158,"type":"if","locations":[{"start":{"line":158,"column":9},"end":{"line":158,"column":9}},{"start":{"line":158,"column":9},"end":{"line":158,"column":9}}]},"15":{"line":172,"type":"if","locations":[{"start":{"line":172,"column":2},"end":{"line":172,"column":2}},{"start":{"line":172,"column":2},"end":{"line":172,"column":2}}]},"16":{"line":174,"type":"if","locations":[{"start":{"line":174,"column":9},"end":{"line":174,"column":9}},{"start":{"line":174,"column":9},"end":{"line":174,"column":9}}]},"17":{"line":176,"type":"if","locations":[{"start":{"line":176,"column":9},"end":{"line":176,"column":9}},{"start":{"line":176,"column":9},"end":{"line":176,"column":9}}]}},"code":["/*"," * Copyright (c) 2013-2015 node-coap contributors."," *"," * node-coap is licensed under an MIT +no-false-attribs license."," * All rights not explicitly granted in the MIT license are reserved."," * See the included LICENSE file for more details."," */","","// Generic toBinary and fromBinary definitions","var optionToBinaryFunctions = {}","var optionFromBinaryFunctions = {}","","// list of options silently ignored","var ignoredOptions = {};","","module.exports.toBinary = function(name, value) {","  if (Buffer.isBuffer(value))","    return value","","  if (!optionToBinaryFunctions[name])","    throw new Error('Unknown string to Buffer converter for option: ' + name)","","  return optionToBinaryFunctions[name](value)","}","","module.exports.fromBinary = function(name, value) {","  var convert = optionFromBinaryFunctions[name]","","  if (!convert)","    return value","","  return convert(value)","}","","var registerOption = function(name, toBinary, fromBinary) {","  optionFromBinaryFunctions[name] = fromBinary","  optionToBinaryFunctions[name] = toBinary","}","","module.exports.registerOption = registerOption","","var ignoreOption = function(name) {","  ignoredOptions[name] = true;","}","","module.exports.ignoreOption = ignoreOption","","ignoreOption('Cache-Control')","ignoreOption('Content-Length')","ignoreOption('Accept-Ranges')","","module.exports.isIgnored = function(name) {","  return !!ignoredOptions[name]","}","","// ETag option registration","var fromString = function(result) {","  return new Buffer(result)","}","","var toString = function(value) {","  return value.toString()","}","","registerOption('ETag', fromString, toString)","registerOption('Location-Path', fromString, toString)","registerOption('Location-Query', fromString, toString)","registerOption('Proxy-Uri', fromString, toString)","","var fromUint = function(result) {","  var uint = Number(result)","  if (!isFinite(uint) || Math.floor(uint) !== uint || uint < 0) {","    throw TypeError('Expected uint, got ' + result)","  }","  var parts = []","  while (uint > 0) {","    parts.unshift(uint % 256)","    uint = Math.floor(uint / 256)","  }","  return new Buffer(parts)","}","","var toUint = function(value) {","  var result = 0;","  for (var i = 0; i < value.length; ++i) {","    result = 256 * result + value[i]","  }","  return result","}","","registerOption('Max-Age', fromUint, toUint)","","// Content-Format and Accept options registration","var formatsString = {}","var formatsBinaries = {}","","var registerFormat = function(name, value) {","  var bytes;","","  if (value > 255) {","    bytes = new Buffer(2);","    bytes.writeUInt16BE(value, 0);","  } else {","    bytes = new Buffer([value])","  }","","  formatsString[name] = bytes","  formatsBinaries[value] = name","}","","module.exports.registerFormat = registerFormat","","registerFormat('text/plain', 0)","registerFormat('application/link-format', 40)","registerFormat('application/xml', 41)","registerFormat('application/octet-stream', 42)","registerFormat('application/exi', 47)","registerFormat('application/json', 50)","registerFormat('application/cbor', 60)","","var contentFormatToBinary = function(value) {","  var result = formatsString[value.split(';')[0]]","  if (!result)","    throw new Error('Unknown Content-Format: ' + value)","","  return result","}","","var contentFormatToString = function(value) {","  if (value.length === 0)","    return formatsBinaries[0]","  ","  if (value.length === 1)","    value = value.readUInt8(0)","  else if (value.length === 2)","    value = value.readUInt16BE(0)","  else","    throw new Error('Content-Format option is too big')","","  var result = formatsBinaries[value]","","  if (!result)","    throw new Error('No matching format found')","","  return result","}","","registerOption('Content-Format', contentFormatToBinary, contentFormatToString)","registerOption('Accept', contentFormatToBinary, contentFormatToString)","registerOption('Observe', function(sequence) {","  var buf","","  if (!sequence) {","    buf = new Buffer(0)","  } else if (sequence < 256) {","    buf = new Buffer(1)","    buf.writeUInt8(sequence, 0)","  } else if (sequence >= 256 & sequence < 65535) {","    buf = new Buffer(2)","    buf.writeUInt16BE(sequence, 0)","  } else {","    // it is three bytes long","    buf = new Buffer(3)","    buf.writeUInt8(Math.floor(sequence / 65535), 0)","    buf.writeUInt16BE(sequence % 65535, 1)","  }","","  return buf","}, function(buf) {","  var result = 0","","  if (buf.length === 1) {","    result = buf.readUInt8(0)","  } else if (buf.length === 2) {","    result = buf.readUInt16BE(0)","  } else if (buf.length === 3) {","    result += buf.readUInt8(0) * 65353","    result += buf.readUInt16BE(1)","  }","","  return result","})","",""],"l":{"10":1,"11":1,"14":1,"16":1,"17":0,"18":0,"20":0,"21":0,"23":0,"26":1,"27":0,"29":0,"30":0,"32":0,"35":1,"36":8,"37":8,"40":1,"42":1,"43":3,"46":1,"48":1,"49":1,"50":1,"52":1,"53":0,"57":1,"58":0,"61":1,"62":0,"65":1,"66":1,"67":1,"68":1,"70":1,"71":0,"72":0,"73":0,"75":0,"76":0,"77":0,"78":0,"80":0,"83":1,"84":0,"85":0,"86":0,"88":0,"91":1,"94":1,"95":1,"97":1,"98":7,"100":7,"101":0,"102":0,"104":7,"107":7,"108":7,"111":1,"113":1,"114":1,"115":1,"116":1,"117":1,"118":1,"119":1,"121":1,"122":0,"123":0,"124":0,"126":0,"129":1,"130":0,"131":0,"133":0,"134":0,"135":0,"136":0,"138":0,"140":0,"142":0,"143":0,"145":0,"148":1,"149":1,"150":1,"151":0,"153":0,"154":0,"155":0,"156":0,"157":0,"158":0,"159":0,"160":0,"163":0,"164":0,"165":0,"168":0,"170":0,"172":0,"173":0,"174":0,"175":0,"176":0,"177":0,"178":0,"181":0}},"/home/travis/build/npmtest/node-npmtest-coap/node_modules/coap/lib/server.js":{"path":"/home/travis/build/npmtest/node-npmtest-coap/node_modules/coap/lib/server.js","s":{"1":1,"2":1,"3":1,"4":0,"5":0,"6":0,"7":1,"8":0,"9":0,"10":0,"11":0,"12":0,"13":0,"14":0,"15":0,"16":0,"17":0,"18":0,"19":0,"20":0,"21":0,"22":0,"23":0,"24":0,"25":0,"26":0,"27":0,"28":0,"29":0,"30":0,"31":0,"32":0,"33":0,"34":0,"35":0,"36":0,"37":1,"38":1,"39":0,"40":0,"41":1,"42":0,"43":0,"44":0,"45":0,"46":0,"47":0,"48":1,"49":0,"50":0,"51":1,"52":0,"53":0,"54":1,"55":0,"56":0,"57":0,"58":0,"59":0,"60":1,"61":0,"62":0,"63":0,"64":0,"65":0,"66":0,"67":0,"68":0,"69":0,"70":0,"71":0,"72":1,"73":0,"74":0,"75":0,"76":0,"77":0,"78":0,"79":0,"80":0,"81":0,"82":0,"83":0,"84":0,"85":0,"86":0,"87":0,"88":0,"89":0,"90":0,"91":0,"92":0,"93":0,"94":0,"95":0,"96":0,"97":0,"98":0,"99":0,"100":0,"101":0,"102":0,"103":0,"104":0,"105":0,"106":0,"107":0,"108":0,"109":0,"110":0,"111":1,"112":0,"113":0,"114":0,"115":0,"116":0,"117":0,"118":0,"119":0,"120":0,"121":0,"122":0,"123":0,"124":0,"125":0,"126":0,"127":0,"128":1,"129":0,"130":0,"131":1,"132":0,"133":0,"134":0,"135":0,"136":0,"137":0,"138":0,"139":0,"140":0,"141":0,"142":0,"143":0,"144":0,"145":0,"146":0,"147":0,"148":0,"149":0,"150":0,"151":0,"152":0,"153":0,"154":0,"155":0,"156":0,"157":0,"158":0,"159":0,"160":0,"161":0,"162":0,"163":0,"164":0,"165":0,"166":0,"167":0,"168":0,"169":0,"170":0,"171":0,"172":0,"173":0,"174":0,"175":0,"176":0,"177":0,"178":0,"179":0,"180":0,"181":0,"182":0,"183":0,"184":0,"185":0,"186":0,"187":0,"188":0,"189":0,"190":0,"191":0,"192":0,"193":0,"194":0,"195":0,"196":0,"197":0,"198":0,"199":1,"200":0,"201":0,"202":0,"203":1,"204":0,"205":0,"206":0,"207":0,"208":1,"209":0,"210":1,"211":1,"212":1,"213":0,"214":1,"215":0,"216":0,"217":0,"218":0,"219":0,"220":0,"221":0,"222":0,"223":0,"224":0,"225":0,"226":0,"227":0,"228":0,"229":0,"230":0,"231":0,"232":0,"233":0,"234":0,"235":0,"236":0,"237":0,"238":0,"239":0,"240":0,"241":0,"242":0,"243":0,"244":0,"245":0,"246":1,"247":0,"248":0,"249":0,"250":0,"251":0,"252":0,"253":0,"254":1},"b":{"1":[0,0],"2":[0,0],"3":[0,0],"4":[0,0],"5":[0,0],"6":[0,0],"7":[0,0],"8":[0,0],"9":[0,0],"10":[0,0],"11":[0,0],"12":[0,0],"13":[0,0],"14":[0,0],"15":[0,0],"16":[0,0],"17":[0,0],"18":[0,0],"19":[0,0],"20":[0,0],"21":[0,0],"22":[0,0],"23":[0,0],"24":[0,0],"25":[0,0],"26":[0,0],"27":[0,0],"28":[0,0],"29":[0,0],"30":[0,0],"31":[0,0],"32":[0,0],"33":[0,0],"34":[0,0],"35":[0,0],"36":[0,0],"37":[0,0],"38":[0,0],"39":[0,0],"40":[0,0],"41":[0,0,0],"42":[0,0],"43":[0,0,0],"44":[0,0],"45":[0,0],"46":[0,0],"47":[0,0],"48":[0,0],"49":[0,0],"50":[0,0],"51":[0,0],"52":[0,0],"53":[0,0],"54":[0,0,0],"55":[0,0],"56":[0,0],"57":[0,0],"58":[0,0],"59":[0,0],"60":[0,0],"61":[0,0],"62":[0,0],"63":[0,0],"64":[0,0],"65":[0,0],"66":[0,0],"67":[0,1],"68":[0,0],"69":[0,0],"70":[0,0],"71":[0,0,0],"72":[0,0],"73":[0,0],"74":[0,0],"75":[0,0],"76":[0,0],"77":[0,0],"78":[0,0]},"f":{"1":0,"2":0,"3":0,"4":0,"5":0,"6":0,"7":0,"8":0,"9":0,"10":0,"11":0,"12":0,"13":0,"14":0,"15":0,"16":0,"17":0,"18":0,"19":0,"20":0,"21":0,"22":0,"23":0,"24":0,"25":0,"26":0,"27":0,"28":0},"fnMap":{"1":{"name":"handleEnding","line":35,"loc":{"start":{"line":35,"column":0},"end":{"line":35,"column":27}}},"2":{"name":"CoAPServer","line":42,"loc":{"start":{"line":42,"column":0},"end":{"line":42,"column":39}}},"3":{"name":"(anonymous_3)","line":88,"loc":{"start":{"line":88,"column":14},"end":{"line":88,"column":26}}},"4":{"name":"(anonymous_4)","line":90,"loc":{"start":{"line":90,"column":16},"end":{"line":90,"column":37}}},"5":{"name":"(anonymous_5)","line":107,"loc":{"start":{"line":107,"column":34},"end":{"line":107,"column":68}}},"6":{"name":"removeProxyOptions","line":118,"loc":{"start":{"line":118,"column":0},"end":{"line":118,"column":36}}},"7":{"name":"(anonymous_7)","line":132,"loc":{"start":{"line":132,"column":36},"end":{"line":132,"column":73}}},"8":{"name":"(anonymous_8)","line":141,"loc":{"start":{"line":141,"column":43},"end":{"line":141,"column":78}}},"9":{"name":"handleRequest","line":149,"loc":{"start":{"line":149,"column":0},"end":{"line":149,"column":31}}},"10":{"name":"(anonymous_10)","line":150,"loc":{"start":{"line":150,"column":9},"end":{"line":150,"column":32}}},"11":{"name":"allAddresses","line":166,"loc":{"start":{"line":166,"column":0},"end":{"line":166,"column":28}}},"12":{"name":"(anonymous_12)","line":175,"loc":{"start":{"line":175,"column":39},"end":{"line":175,"column":52}}},"13":{"name":"(anonymous_13)","line":185,"loc":{"start":{"line":185,"column":30},"end":{"line":185,"column":60}}},"14":{"name":"(anonymous_14)","line":219,"loc":{"start":{"line":219,"column":25},"end":{"line":219,"column":41}}},"15":{"name":"(anonymous_15)","line":223,"loc":{"start":{"line":223,"column":41},"end":{"line":223,"column":53}}},"16":{"name":"(anonymous_16)","line":230,"loc":{"start":{"line":230,"column":49},"end":{"line":230,"column":69}}},"17":{"name":"(anonymous_17)","line":242,"loc":{"start":{"line":242,"column":39},"end":{"line":242,"column":51}}},"18":{"name":"(anonymous_18)","line":253,"loc":{"start":{"line":253,"column":29},"end":{"line":253,"column":44}}},"19":{"name":"expiry","line":283,"loc":{"start":{"line":283,"column":0},"end":{"line":283,"column":32}}},"20":{"name":"(anonymous_20)","line":288,"loc":{"start":{"line":288,"column":31},"end":{"line":288,"column":56}}},"21":{"name":"(anonymous_21)","line":331,"loc":{"start":{"line":331,"column":33},"end":{"line":331,"column":60}}},"22":{"name":"(anonymous_22)
[...]
d":{"line":270,"column":2}}]},"44":{"line":280,"type":"if","locations":[{"start":{"line":280,"column":2},"end":{"line":280,"column":2}},{"start":{"line":280,"column":2},"end":{"line":280,"column":2}}]},"45":{"line":289,"type":"if","locations":[{"start":{"line":289,"column":2},"end":{"line":289,"column":2}},{"start":{"line":289,"column":2},"end":{"line":289,"column":2}}]},"46":{"line":300,"type":"binary-expr","locations":[{"start":{"line":300,"column":16},"end":{"line":300,"column":27}},{"start":{"line":300,"column":31},"end":{"line":300,"column":42}}]},"47":{"line":303,"type":"cond-expr","locations":[{"start":{"line":303,"column":62},"end":{"line":303,"column":92}},{"start":{"line":303,"column":95},"end":{"line":303,"column":100}}]},"48":{"line":308,"type":"if","locations":[{"start":{"line":308,"column":4},"end":{"line":308,"column":4}},{"start":{"line":308,"column":4},"end":{"line":308,"column":4}}]},"49":{"line":313,"type":"if","locations":[{"start":{"line":313,"column":4},"end":{"line":313,"column":4}},{"start":{"line":313,"column":4},"end":{"line":313,"column":4}}]},"50":{"line":318,"type":"if","locations":[{"start":{"line":318,"column":4},"end":{"line":318,"column":4}},{"start":{"line":318,"column":4},"end":{"line":318,"column":4}}]},"51":{"line":318,"type":"binary-expr","locations":[{"start":{"line":318,"column":10},"end":{"line":318,"column":20}},{"start":{"line":318,"column":24},"end":{"line":318,"column":36}}]},"52":{"line":336,"type":"binary-expr","locations":[{"start":{"line":336,"column":51},"end":{"line":336,"column":63}},{"start":{"line":336,"column":67},"end":{"line":336,"column":75}}]},"53":{"line":340,"type":"binary-expr","locations":[{"start":{"line":340,"column":19},"end":{"line":340,"column":29}},{"start":{"line":340,"column":33},"end":{"line":340,"column":38}}]},"54":{"line":345,"type":"if","locations":[{"start":{"line":345,"column":2},"end":{"line":345,"column":2}},{"start":{"line":345,"column":2},"end":{"line":345,"column":2}}]},"55":{"line":347,"type":"if","locations":[{"start":{"line":347,"column":6},"end":{"line":347,"column":6}},{"start":{"line":347,"column":6},"end":{"line":347,"column":6}}]},"56":{"line":353,"type":"if","locations":[{"start":{"line":353,"column":2},"end":{"line":353,"column":2}},{"start":{"line":353,"column":2},"end":{"line":353,"column":2}}]},"57":{"line":369,"type":"if","locations":[{"start":{"line":369,"column":4},"end":{"line":369,"column":4}},{"start":{"line":369,"column":4},"end":{"line":369,"column":4}}]},"58":{"line":372,"type":"if","locations":[{"start":{"line":372,"column":4},"end":{"line":372,"column":4}},{"start":{"line":372,"column":4},"end":{"line":372,"column":4}}]},"59":{"line":372,"type":"binary-expr","locations":[{"start":{"line":372,"column":8},"end":{"line":372,"column":21}},{"start":{"line":372,"column":25},"end":{"line":372,"column":48}}]},"60":{"line":378,"type":"if","locations":[{"start":{"line":378,"column":2},"end":{"line":378,"column":2}},{"start":{"line":378,"column":2},"end":{"line":378,"column":2}}]},"61":{"line":381,"type":"if","locations":[{"start":{"line":381,"column":6},"end":{"line":381,"column":6}},{"start":{"line":381,"column":6},"end":{"line":381,"column":6}}]},"62":{"line":387,"type":"if","locations":[{"start":{"line":387,"column":2},"end":{"line":387,"column":2}},{"start":{"line":387,"column":2},"end":{"line":387,"column":2}}]},"63":{"line":408,"type":"if","locations":[{"start":{"line":408,"column":2},"end":{"line":408,"column":2}},{"start":{"line":408,"column":2},"end":{"line":408,"column":2}}]}},"code":["/*"," * Copyright (c) 2013-2015 node-coap contributors."," *"," * node-coap is licensed under an MIT +no-false-attribs license."," * All rights not explicitly granted in the MIT license are reserved."," * See the included LICENSE file for more details."," */","","var bl              = require('bl')","  , util            = require('util')","  , events          = require('events')","  , dgram           = require('dgram')","  , parse           = require('coap-packet').parse","  , generate        = require('coap-packet').generate","  , URL             = require('url')","  , IncomingMessage = require('./incoming_message')","  , OutgoingMessage = require('./outgoing_message')","  , ObserveStream   = require('./observe_read_stream')","  , optionsConv     = require('./option_converter')","  , RetrySend       = require('./retry_send')","  , parseBlock2     = require('./helpers').parseBlock2","  , createBlock2    = require('./helpers').createBlock2","  , getOption       = require('./helpers').getOption","  , maxToken        = Math.pow(2, 32)","  , maxMessageId    = Math.pow(2, 16)","  , pf              = require('./polyfill')","  , hasDNSbug       = true","",";(function () {","  var major = parseInt(process.version.match(/^v([^.]+).*$/)[1])","","  if (major >= 4) {","    hasDNSbug = false","  }","})()","","function Agent(opts) {","  if (!(this instanceof Agent))","    return new Agent()","","  if (!opts)","    opts = {}","","  if (!opts.type)","    opts.type = 'udp4'","","  if (opts.socket) {","    delete opts.port","  }","","  this._opts = opts","","  this._init(opts.socket)","}","","util.inherits(Agent, events.EventEmitter)","","Agent.prototype._init = function initSock(socket) {","  if (this._sock) {","    return","  }","","  var that = this","  this._sock = socket || dgram.createSocket(this._opts.type)","  this._sock.on('message', function(msg, rsinfo) {","    var packet","      , message","      , outSocket","","    try {","      packet = parse(msg)","    } catch(err) {","      message = generate({ code: '5.00', payload: new Buffer('Unable to parse packet') })","      that._sock.send(message, 0, message.length,","                      rsinfo.port, rsinfo.address)","      return","    }","","    if (packet.code[0] === '0' && packet.code !== '0.00') {","      // ignore this packet since it's not a response.","      return","    }","","    outSocket = that._sock.address();","    that._handle(msg, rsinfo, outSocket)","  })","","  if(this._opts.port){","    this._sock.bind( this._opts.port );","  };","","  this._sock.on('error', function(err) {","    // we are skipping DNS errors","    if(!hasDNSbug || err.code !== 'ENOTFOUND')","      that.emit('error', err)","  })","","  this._msgIdToReq = {}","  this._tkToReq = {}","","  this._lastToken = Math.floor(Math.random() * (maxToken - 1))","  this._lastMessageId = Math.floor(Math.random() * (maxMessageId - 1))","","  this._closing = false","  this._msgInFlight = 0","  this._requests = 0","}","","Agent.prototype._cleanUp = function cleanUp() {","  if (--this._requests !== 0)","    return","","  this._closing = true","","  if (this._msgInFlight !== 0)","    return","","  this._doClose()","}","","Agent.prototype._doClose = function() {","  for (var k in this._msgIdToReq)","    this._msgIdToReq[k].sender.reset()","","  if (this._opts.socket)","    return","","  this._sock.close()","  this._sock = null","}","","Agent.prototype._handle = function handle(msg, rsinfo, outSocket) {","  var packet = parse(msg)","    , buf","    , response","    , that = this","    , req = this._msgIdToReq[packet.messageId]","    , ackSent = function(err) {","        if (err && req)","          req.emit('error', err)","","        that._msgInFlight--","        if (that._closing && that._msgInFlight === 0) {","          that._doClose()","        }","      }","","  if (!req) {","    if (packet.token.length == 4) {","      req = this._tkToReq[packet.token.readUInt32BE(0)]","    }","","    if (packet.ack && !req) {","      // nothing to do, somehow there was","      // a duplicate ack","      return","    }","","    if (!req) {","      buf = generate({","          code: '0.00'","        , reset: true","        , messageId: packet.messageId","      })","","      this._msgInFlight++","      this._sock.send(buf, 0, buf.length, rsinfo.port, rsinfo.address, ackSent)","      return","    }","  }","","  if (packet.confirmable) {","    buf = generate({","        code: '0.00'","      , ack: true","      , messageId: packet.messageId","    })","","    this._msgInFlight++","    this._sock.send(buf, 0, buf.length, rsinfo.port, rsinfo.address, ackSent)","  }","","  if (packet.code != '0.00' && (req._packet.token.length != packet.token.length || pf.compareBuffers(req._packet.token, packet.token) != 0)) {","    // The tokens don't match, ignore the message since it is a malformed response","    return","  }","","  if (!packet.confirmable && !req.multicast) {","    delete this._msgIdToReq[packet.messageId]","  }","","  req.sender.reset()","","  if (packet.code == '0.00')","    return","","  var block2Buff = getOption(packet.options, 'Block2')","  var block2","  // if we got blockwise (2) response","  if (block2Buff) {","    block2 = parseBlock2(block2Buff)","    // check for error","    if (!block2) {","      req.sender.reset()","      return req.emit('error', new Error('failed to parse block2'))","    }","  }","  if (block2) {","    // accumulate payload","    req._totalPayload = Buffer.concat([req._totalPayload, packet.payload])","","    if (block2.moreBlock2) {","      // increase message id for next request","      delete this._msgIdToReq[req._packet.messageId]","      req._packet.messageId = that._nextMessageId()","      this._msgIdToReq[req._packet.messageId] = req","","      // next block2 request","      var block2Val = createBlock2({","        moreBlock2: false,","        num: block2.num+1,","        size: block2.size","      })","      if (!block2Val) {","        req.sender.reset()","        return req.emit('error', new Error('failed to create block2'))","      }","      req.setOption('Block2', block2Val)","      req.sender.send(generate(req._packet))","","      return","    }","    else {","      // get full payload","      packet.payload = req._totalPayload","      // clear the payload incase of block2","      req._totalPayload = new Buffer(0)","    }","  }","","  if (req.response) {","    if (req.response.append) {","      // it is an observe request","      // and we are already streaming","      return req.response.append(packet)","    } else {","      // TODO There is a previous response but is not an ObserveStream !","      return","    }","","  }","  else if (block2) {","    delete that._tkToReq[req._packet.token.readUInt32BE(0)]","  }","  else if (!req.url.observe && packet.token.length > 0) {","    // it is not, so delete the token","    delete that._tkToReq[packet.token.readUInt32BE(0)]","  }","","  if (req.url.observe && packet.code !== '4.04') {","    response = new ObserveStream(packet, rsinfo, outSocket)","    response.on('close', function() {","      delete that._tkToReq[packet.token.readUInt32BE(0)]","      that._cleanUp()","    })","  } else {","    response = new IncomingMessage(packet, rsinfo, outSocket)","  }","","  if (!req.multicast) {","    req.response = response","  }","","  req.emit('response', response)","}","","Agent.prototype._nextToken = function nextToken() {","  var buf = new Buffer(4)","","  if (++this._lastToken === maxToken)","    this._lastToken = 0","","  buf.writeUInt32BE(this._lastToken, 0)","","  return buf;","}","","Agent.prototype._nextMessageId = function nextToken() {","  if (++this._lastMessageId === maxMessageId)","    this._lastMessageId = 1","","  return this._lastMessageId","}","","Agent.prototype.request = function request(url) {","  this._init()","","  var req","    , response","    , options = url.options || url.headers","    , option","    , that = this","    , multicastTimeout = url.multicastTimeout !== undefined ? parseInt(url.multicastTimeout) : 20000","","  req = new OutgoingMessage({}, function(req, packet) {","    var buf","","    if (url.confirmable !== false) {","      packet.confirmable = true","    }","","    // multicast message should be forced non-confirmable","    if (url.multicast === true) {","      req.multicast = true","      packet.confirmable = false","    }","","    if (!(packet.ack || packet.reset)) {","      packet.messageId = that._nextMessageId()","      packet.token = that._nextToken()","    }","","    try {","      buf = generate(packet)","    } catch(err) {","      req.sender.reset()","      return req.emit('error', err)","    }","","    that._msgIdToReq[packet.messageId] = req","    that._tkToReq[that._lastToken] = req","","    req.sender.send(buf, !packet.confirmable)","  })","","  req.sender = new RetrySend(this._sock, url.port, url.hostname || url.host)","","  req.url = url","","  req.statusCode = url.method || 'GET'","","  urlPropertyToPacketOption(url, req, 'pathname', 'Uri-Path', '/')","  urlPropertyToPacketOption(url, req, 'query', 'Uri-Query', '&')","","  if (options) {","    for (option in options) {","      if (options.hasOwnProperty(option)) {","        req.setOption(option, options[option])","      }","    }","  }","","  if (url.proxyUri) {","    req.setOption('Proxy-Uri', url.proxyUri)","  }","","  req.sender.on('error', req.emit.bind(req, 'error'))","","  req.sender.on('sending', function() {","    that._msgInFlight++","  })","","  req.sender.on('timeout', function (err) {","    req.emit('timeout', err)","    that.abort(req)","  })","","  req.sender.on('sent', function() {","    if (req.multicast) return;","","    that._msgInFlight--","    if (that._closing && that._msgInFlight === 0) {","      that._doClose()","    }","  })","","  // Start multicast monitoring timer in case of multicast request","  if (url.multicast === true) {","    req.multicastTimer = setTimeout(function() {","      that._msgInFlight--","      if (that._msgInFlight === 0) {","        that._doClose()","      }","    }, multicastTimeout)","  }","","  if (url.observe)","    req.setOption('Observe', null)","  else","    req.on('response', this._cleanUp.bind(this))","","  this._requests++","","  req._totalPayload = new Buffer(0)","","  return req","}","","Agent.prototype.abort = function (req) {","  req.sender.removeAllListeners()","  req.sender.reset()","  this._cleanUp()","  delete this._msgIdToReq[req._packet.messageId]","  delete this._tkToReq[req._packet.token.readUInt32BE(0)]","}","","function urlPropertyToPacketOption(url, req, property, option, separator) {","  if (url[property])","    req.setOption(option, url[property].normalize('NFC').split(separator)","      .filter(function(part) { return part !== '' })","      .map(function(part) {","        var buf = new Buffer(Buffer.byteLength(part))","        buf.write(part)","        return buf","      }))","}","","module.exports = Agent",""],"l":{"9":1,"29":1,"30":1,"32":1,"33":1,"37":1,"38":2,"39":0,"41":2,"42":0,"44":2,"45":0,"47":2,"48":0,"51":2,"53":2,"56":1,"58":1,"59":2,"60":0,"63":2,"64":2,"65":2,"66":0,"70":0,"71":0,"73":0,"74":0,"76":0,"79":0,"81":0,"84":0,"85":0,"88":2,"89":0,"92":2,"94":0,"95":0,"98":2,"99":2,"101":2,"102":2,"104":2,"105":2,"106":2,"109":1,"110":0,"111":0,"113":0,"115":0,"116":0,"118":0,"121":1,"122":0,"123":0,"125":0,"126":0,"128":0,"129":0,"132":1,"133":0,"139":0,"140":0,"142":0,"143":0,"144":0,"148":0,"149":0,"150":0,"153":0,"156":0,"159":0,"160":0,"166":0,"167":0,"168":0,"172":0,"173":0,"179":0,"180":0,"183":0,"185":0,"188":0,"189":0,"192":0,"194":0,"195":0,"197":0,"198":0,"200":0,"201":0,"203":0,"204":0,"205":0,"208":0,"210":0,"212":0,"214":0,"215":0,"216":0,"219":0,"224":0,"225":0,"226":0,"228":0,"229":0,"231":0,"235":0,"237":0,"241":0,"242":0,"245":0,"248":0,"252":0,"253":0,"255":0,"257":0,"260":0,"261":0,"262":0,"263":0,"264":0,"267":0,"270":0,"271":0,"274":0,"277":1,"278":0,"280":0,"281":0,"283":0,"285":0,"288":1,"289":0,"290":0,"292":0,"295":1,"296":0,"298":0,"305":0,"306":0,"308":0,"309":0,"313":0,"314":0,"315":0,"318":0,"319":0,"320":0,"323":0,"324":0,"326":0,"327":0,"330":0,"331":0,"333":0,"336":0,"338":0,"340":0,"342":0,"343":0,"345":0,"346":0,"347":0,"348":0,"353":0,"354":0,"357":0,"359":0,"360":0,"363":0,"364":0,"365":0,"368":0,"369":0,"371":0,"372":0,"373":0,"378":0,"379":0,"380":0,"381":0,"382":0,"387":0,"388":0,"390":0,"392":0,"394":0,"396":0,"399":1,"400":0,"401":0,"402":0,"403":0,"404":0,"407":1,"408":0,"409":0,"410":0,"412":0,"413":0,"414":0,"418":1}},"/home/travis/build/npmtest/node-npmtest-coap/node_modules/coap/lib/observe_read_stream.js":{"path":"/home/travis/build/npmtest/node-npmtest-coap/node_modules/coap/lib/observe_read_stream.js","s":{"1":1,"2":1,"3":0,"4":0,"5":0,"6":0,"7":0,"8":1,"9":1,"10":0,"11":0,"12":0,"13":0,"14":0,"15":0,"16":1,"17":0,"18":0,"19":1,"20":1},"b":{"1":[0,0],"2":[0,0]},"f":{"1":0,"2":0,"3":0,"4":0},"fnMap":{"1":{"name":"ObserveReadStream","line":13,"loc":{"start":{"line":13,"column":0},"end":{"line":13,"column":54}}},"2":{"name":"(anonymous_2)","line":25,"loc":{"start":{"line":25,"column":37},"end":{"line":25,"column":54}}},"3":{"name":"(anonymous_3)","line":36,"loc":{"start":{"line":36,"column":36},"end":{"line":36,"column":47}}},"4":{"name":"(anonymous_4)","line":42,"loc":{"start":{"line":42,"column":36},"end":{"line":42,"column":47}}}},"statementMap":{"1":{"start":{"line":9,"column":0},"end":{"line":11,"column":52}},"2":{"start":{"line":13,"column":0},"end":{"line":21,"column":1}},"3":{"start":{"line":14,"column":2},"end":{"line":14,"column":43}},"4":{"start":{"line":16,"column":2},"end":{"line":16,"column":22}},"5":{"start":{"line":17,"column":2},"end":{"line":17,"column":28}},"6":{"start":{"line":19,"column":2},"end":{"line":19,"column":18}},"7":{"start":{"line":20,"column":2},"end":{"line":20,"column":21}},"8":{"start":{"line":23,"column":0},"end":{"line":23,"column":42}},"9":{"start":{"line":25,"column":0},"end":{"line":34,"column":1}},"10":{"start":{"line":26,"column":2},"end":{"line":27,"column":10}},"11":{"start":{"line":27,"column":4},"end":{"line":27,"column":10}},"12":{"start":{"line":29,"column":2},"end":{"line":29,"column":24}},"13":{"start":{"line":30,"column":2},"end":{"line":33,"column":3}},"14":{"start":{"line":31,"column":4},"end":{"line":31,"column":42}},"15":{"start":{"line":32,"column":4},"end":{"line":32,"column":29}},"16":{"start":{"line":36,"column":0},"end":{"line":39,"column":1}},"17":{"start":{"line":37,"column":2},"end":{"line":37,"column":17}},"18":{"start":{"line":38,"column":2},"end":{"line":38,"column":20}},"19":{"start":{"line":42,"column":0},"end":{"line":42,"column":49}},"20":{"start":{"line":44,"column":0},"end":{"line":44,"column":34}}},"branchMap":{"1":{"line":26,"type":"if","locations":[{"start":{"line":26,"column":2},"end":{"line":26,"column":2}},{"start":{"line":26,"column":2},"end":{"line":26,"column":2}}]},"2":{"line":30,"type":"if","locations":[{"start":{"line":30,"column":2},"end":{"line":30,"column":2}},{"start":{"line":30,"column":2},"end":{"line":30,"column":2}}]}},"code":["/*"," * Copyright (c) 2013-2015 node-coap contributors."," *"," * node-coap is licensed under an MIT +no-false-attribs license."," * All rights not explicitly granted in the MIT license are reserved."," * See the included LICENSE file for more details."," */","","var Readable  = require('readable-stream').Readable","  , util      = require('util')","  , pktToMsg  = require('./helpers').packetToMessage","","function ObserveReadStream(packet, rsinfo, outSocket) {","  Readable.call(this, { objectMode: true })","","  this.rsinfo = rsinfo","  this.outSocket = outSocket","","  this._lastId = 0","  this.append(packet)","}","","util.inherits(ObserveReadStream, Readable)","","ObserveReadStream.prototype.append = function(packet) {","  if (!this.readable)","    return","","  pktToMsg(this, packet)","  if (this.headers['Observe'] > this._lastId) {","    this._lastId = this.headers['Observe']","    this.push(packet.payload)","  }","}","","ObserveReadStream.prototype.close = function() {","  this.push(null)","  this.emit('close')","}","","// nothing to do, data will be pushed from the server","ObserveReadStream.prototype._read = function() {}","","module.exports = ObserveReadStream",""],"l":{"9":1,"13":1,"14":0,"16":0,"17":0,"19":0,"20":0,"23":1,"25":1,"26":0,"27":0,"29":0,"30":0,"31":0,"32":0,"36":1,"37":0,"38":0,"42":1,"44":1}}}